Execute Anonymous

================================

Product__c p = new Product__c( Name='P1', Inventory__c= 100 );

insert p ;

Invoice__c i = new Invoice__c(  Amount__c=1);
i.ProductLine__c = p.id;
insert i;

t3_Invoice_ServiceImpl.activateInvoices( new Set<Id>{i.id} );

================================

31.0 APEX_CODE,DEBUG;APEX_PROFILING,DEBUG;CALLOUT,INFO;DB,INFO;VALIDATION,INFO;WORKFLOW,INFO
Execute Anonymous: Product__c p = new Product__c( Name='P1', Inventory__c= 100 );
Execute Anonymous: 
Execute Anonymous: insert p ;
Execute Anonymous: 
Execute Anonymous: Invoice__c i = new Invoice__c(  Amount__c=1);
Execute Anonymous: i.ProductLine__c = p.id;
Execute Anonymous: insert i;
Execute Anonymous: 
Execute Anonymous: t3_Invoice_ServiceImpl.activateInvoices( new Set<Id>{i.id} );
09:10:56.111 (111583181)|EXECUTION_STARTED
09:10:56.111 (111592513)|CODE_UNIT_STARTED|[EXTERNAL]|execute_anonymous_apex
09:10:56.112 (112323168)|DML_BEGIN|[3]|Op:Insert|Type:Product__c|Rows:1
09:10:56.162 (162950318)|DML_END|[3]
09:10:56.163 (163240453)|DML_BEGIN|[7]|Op:Insert|Type:Invoice__c|Rows:1
09:10:56.218 (218486398)|DML_END|[7]
09:10:56.222 (222571955)|METHOD_ENTRY|[1]|01pj0000003ETen|t3_Invoice_ServiceImpl.t3_Invoice_ServiceImpl()
09:10:56.222 (222584506)|METHOD_EXIT|[1]|t3_Invoice_ServiceImpl
09:10:56.222 (222623368)|METHOD_ENTRY|[9]|01pj0000003ETen|t3_Invoice_ServiceImpl.activateInvoices(Set<Id>)
09:10:56.222 (222638823)|METHOD_EXIT|[9]|01pj0000003ETen|t3_Invoice_ServiceImpl.activateInvoices(Set<Id>)
09:10:56.906 (231610647)|CUMULATIVE_LIMIT_USAGE
09:10:56.906|LIMIT_USAGE_FOR_NS|(default)|
  Number of SOQL queries: 0 out of 100
  Number of query rows: 0 out of 50000
  Number of SOSL queries: 0 out of 20
  Number of DML statements: 2 out of 150
  Number of DML rows: 2 out of 10000
  Maximum CPU time: 0 out of 10000
  Maximum heap size: 0 out of 6000000
  Number of callouts: 0 out of 100
  Number of Email Invocations: 0 out of 10
  Number of future calls: 0 out of 50
  Number of queueable jobs added to the queue: 0 out of 50
  Number of Mobile Apex push calls: 0 out of 10

09:10:56.906|CUMULATIVE_LIMIT_USAGE_END

09:10:56.231 (231648725)|CODE_UNIT_FINISHED|execute_anonymous_apex
09:10:56.233 (233158577)|EXECUTION_FINISHED