Execute Anonymous

================================

Product__c p = new Product__c( Name='P1', Inventory__c= 100 );

insert p ;

Invoice__c i = new Invoice__c(  Amount__c=1);
i.ProductLine__c = p.id;
insert i;

t3_Invoice_ServiceImpl.activateInvoices( new Set<Id>{i.id} );

================================

31.0 APEX_CODE,DEBUG;APEX_PROFILING,DEBUG;CALLOUT,INFO;DB,INFO;VALIDATION,INFO;WORKFLOW,INFO
Execute Anonymous: Product__c p = new Product__c( Name='P1', Inventory__c= 100 );
Execute Anonymous: 
Execute Anonymous: insert p ;
Execute Anonymous: 
Execute Anonymous: Invoice__c i = new Invoice__c(  Amount__c=1);
Execute Anonymous: i.ProductLine__c = p.id;
Execute Anonymous: insert i;
Execute Anonymous: 
Execute Anonymous: t3_Invoice_ServiceImpl.activateInvoices( new Set<Id>{i.id} );
14:50:24.150 (150829316)|EXECUTION_STARTED
14:50:24.150 (150838258)|CODE_UNIT_STARTED|[EXTERNAL]|execute_anonymous_apex
14:50:24.151 (151479616)|DML_BEGIN|[3]|Op:Insert|Type:Product__c|Rows:1
14:50:24.187 (187115253)|DML_END|[3]
14:50:24.187 (187419506)|DML_BEGIN|[7]|Op:Insert|Type:Invoice__c|Rows:1
14:50:24.217 (217052261)|DML_END|[7]
14:50:24.224 (224925880)|METHOD_ENTRY|[1]|01pj0000003ETen|t3_Invoice_ServiceImpl.t3_Invoice_ServiceImpl()
14:50:24.224 (224943592)|METHOD_EXIT|[1]|t3_Invoice_ServiceImpl
14:50:24.224 (224977562)|METHOD_ENTRY|[9]|01pj0000003ETen|t3_Invoice_ServiceImpl.activateInvoices(Set<Id>)
14:50:24.237 (237730959)|METHOD_ENTRY|[1]|01pj0000003ENtX|t3_Application.t3_Application()
14:50:24.265 (265207671)|CONSTRUCTOR_ENTRY|[24]|01pj0000003ELjo|<init>(List<Schema.SObjectType>)
14:50:24.265 (265328306)|CONSTRUCTOR_EXIT|[24]|01pj0000003ELjo|<init>(List<Schema.SObjectType>)
14:50:24.276 (276577880)|CONSTRUCTOR_ENTRY|[27]|01pj0000003ELjo|<init>(Map<Schema.SObjectType,system.Type>)
14:50:24.276 (276680539)|CONSTRUCTOR_EXIT|[27]|01pj0000003ELjo|<init>(Map<Schema.SObjectType,system.Type>)
14:50:24.291 (291406448)|CONSTRUCTOR_ENTRY|[30]|01pj0000003ELjo|<init>(fflib_Application.SelectorFactory,Map<Schema.SObjectType,system.Type>)
14:50:24.291 (291532867)|CONSTRUCTOR_EXIT|[30]|01pj0000003ELjo|<init>(fflib_Application.SelectorFactory,Map<Schema.SObjectType,system.Type>)
14:50:24.296 (296485716)|CONSTRUCTOR_ENTRY|[33]|01pj0000003ELjo|<init>(Map<system.Type,system.Type>)
14:50:24.296 (296586834)|CONSTRUCTOR_EXIT|[33]|01pj0000003ELjo|<init>(Map<system.Type,system.Type>)
14:50:24.296 (296608904)|METHOD_EXIT|[1]|t3_Application
14:50:24.296 (296650436)|METHOD_ENTRY|[7]|01pj0000003ELjo|fflib_Application.UnitOfWorkFactory.newInstance()
14:50:24.325 (325179345)|METHOD_ENTRY|[54]|01pj0000003ELk1|fflib_SObjectUnitOfWork.fflib_SObjectUnitOfWork()
14:50:24.325 (325200484)|METHOD_EXIT|[54]|fflib_SObjectUnitOfWork
14:50:24.330 (330152345)|CONSTRUCTOR_ENTRY|[62]|01pj0000003ELk1|<init>(List<Schema.SObjectType>)
14:50:24.330 (330981877)|CONSTRUCTOR_ENTRY|[107]|01pj0000003ELk1|<init>()
14:50:24.331 (331038836)|CONSTRUCTOR_EXIT|[107]|01pj0000003ELk1|<init>()
14:50:24.331 (331056247)|CONSTRUCTOR_ENTRY|[107]|01pj0000003ELk1|<init>(List<Schema.SObjectType>,fflib_SObjectUnitOfWork.IDML)
14:50:24.331 (331234422)|CONSTRUCTOR_ENTRY|[69]|01pj0000003ELk1|<init>()
14:50:24.331 (331308987)|CONSTRUCTOR_EXIT|[69]|01pj0000003ELk1|<init>()
14:50:24.333 (333947449)|CONSTRUCTOR_ENTRY|[120]|01pj0000003ELk1|<init>()
14:50:24.334 (334035928)|CONSTRUCTOR_EXIT|[120]|01pj0000003ELk1|<init>()
14:50:24.336 (336371518)|CONSTRUCTOR_ENTRY|[120]|01pj0000003ELk1|<init>()
14:50:24.336 (336393129)|CONSTRUCTOR_EXIT|[120]|01pj0000003ELk1|<init>()
14:50:24.336 (336499224)|CONSTRUCTOR_EXIT|[107]|01pj0000003ELk1|<init>(List<Schema.SObjectType>,fflib_SObjectUnitOfWork.IDML)
14:50:24.336 (336513354)|CONSTRUCTOR_EXIT|[62]|01pj0000003ELk1|<init>(List<Schema.SObjectType>)
14:50:24.336 (336521608)|METHOD_EXIT|[7]|01pj0000003ELjo|fflib_Application.UnitOfWorkFactory.newInstance()
14:50:24.336 (336556695)|METHOD_ENTRY|[9]|01pj0000003ELjo|fflib_Application.SelectorFactory.selectById(Set<Id>)
14:50:24.336 (336914042)|METHOD_ENTRY|[186]|01pj0000003ELjo|fflib_Application.SelectorFactory.newInstance(Schema.SObjectType)
14:50:24.349 (349138609)|METHOD_ENTRY|[13]|01pj0000003ETje|t3_Invoice_Selector.t3_Invoice_Selector()
14:50:24.349 (349167228)|METHOD_EXIT|[13]|t3_Invoice_Selector
14:50:24.358 (358055133)|METHOD_ENTRY|[30]|01pj0000003ELjz|fflib_SObjectSelector.fflib_SObjectSelector()
14:50:24.358 (358191931)|METHOD_EXIT|[30]|fflib_SObjectSelector
14:50:24.358 (358209354)|CONSTRUCTOR_ENTRY|[EXTERNAL]|01pj0000003ELjz|<init>()
14:50:24.358 (358231977)|CONSTRUCTOR_ENTRY|[85]|01pj0000003ELjz|<init>(Boolean)
14:50:24.358 (358304079)|CONSTRUCTOR_ENTRY|[95]|01pj0000003ELjz|<init>(Boolean,Boolean,Boolean)
14:50:24.358 (358351990)|CONSTRUCTOR_EXIT|[95]|01pj0000003ELjz|<init>(Boolean,Boolean,Boolean)
14:50:24.358 (358362334)|CONSTRUCTOR_EXIT|[85]|01pj0000003ELjz|<init>(Boolean)
14:50:24.358 (358369879)|CONSTRUCTOR_EXIT|[EXTERNAL]|01pj0000003ELjz|<init>()
14:50:24.358 (358408503)|METHOD_EXIT|[186]|01pj0000003ELjo|fflib_Application.SelectorFactory.newInstance(Schema.SObjectType)
14:50:24.358 (358446915)|METHOD_ENTRY|[186]|01pj0000003ELjz|fflib_SObjectSelector.selectSObjectsById(Set<Id>)
14:50:24.358 (358462931)|METHOD_ENTRY|[221]|01pj0000003ELjz|fflib_SObjectSelector.buildQuerySObjectById()
14:50:24.358 (358486775)|METHOD_ENTRY|[338]|01pj0000003ELjz|fflib_SObjectSelector.newQueryFactory()
14:50:24.405 (405538677)|METHOD_ENTRY|[272]|01pj0000003ELjz|fflib_SObjectSelector.newQueryFactory(Boolean, Boolean, Boolean)
14:50:24.405 (405679148)|METHOD_ENTRY|[55]|01pj0000003ELjs|fflib_QueryFactory.fflib_QueryFactory()
14:50:24.405 (405694166)|METHOD_EXIT|[55]|fflib_QueryFactory
14:50:24.411 (411062731)|METHOD_ENTRY|[290]|01pj0000003ELjz|fflib_SObjectSelector.getSObjectType2()
14:50:24.411 (411126651)|METHOD_ENTRY|[255]|01pj0000003ETje|t3_Invoice_Selector.getSObjectType()
14:50:24.411 (411187671)|METHOD_EXIT|[255]|01pj0000003ETje|t3_Invoice_Selector.getSObjectType()
14:50:24.411 (411194888)|METHOD_EXIT|[290]|01pj0000003ELjz|fflib_SObjectSelector.getSObjectType2()
14:50:24.411 (411220212)|CONSTRUCTOR_ENTRY|[290]|01pj0000003ELjs|<init>(Schema.SObjectType)
14:50:24.411 (411482982)|CONSTRUCTOR_EXIT|[290]|01pj0000003ELjs|<init>(Schema.SObjectType)
14:50:24.411 (411500011)|METHOD_ENTRY|[290]|01pj0000003ELjz|fflib_SObjectSelector.configureQueryFactory(fflib_QueryFactory, Boolean, Boolean, Boolean)
14:50:24.411 (411529434)|METHOD_ENTRY|[351]|01pj0000003ELjs|fflib_QueryFactory.assertIsAccessible()
14:50:24.417 (417309522)|METHOD_ENTRY|[31]|01pj0000003ELk3|fflib_SecurityUtils.fflib_SecurityUtils()
14:50:24.417 (417344052)|METHOD_EXIT|[31]|fflib_SecurityUtils
14:50:24.417 (417379657)|METHOD_ENTRY|[166]|01pj0000003ELk3|fflib_SecurityUtils.checkObjectIsReadable(Schema.SObjectType)
14:50:24.417 (417511535)|METHOD_EXIT|[166]|01pj0000003ELk3|fflib_SecurityUtils.checkObjectIsReadable(Schema.SObjectType)
14:50:24.417 (417520564)|METHOD_EXIT|[351]|01pj0000003ELjs|fflib_QueryFactory.assertIsAccessible()
14:50:24.417 (417543841)|METHOD_ENTRY|[358]|01pj0000003ELjs|fflib_QueryFactory.setEnforceFLS(Boolean)
14:50:24.417 (417569469)|METHOD_EXIT|[358]|01pj0000003ELjs|fflib_QueryFactory.setEnforceFLS(Boolean)
14:50:24.417 (417593635)|METHOD_ENTRY|[364]|01pj0000003ETje|t3_Invoice_Selector.getSObjectFieldList()
14:50:24.417 (417799636)|METHOD_EXIT|[364]|01pj0000003ETje|t3_Invoice_Selector.getSObjectFieldList()
14:50:24.417 (417833662)|METHOD_ENTRY|[364]|01pj0000003ELjs|fflib_QueryFactory.selectFields(Set<Schema.SObjectField>)
14:50:24.418 (418027724)|CONSTRUCTOR_ENTRY|[239]|01pj0000003ELjs|<init>(Schema.SObjectField)
14:50:24.418 (418102453)|CONSTRUCTOR_EXIT|[239]|01pj0000003ELjs|<init>(Schema.SObjectField)
14:50:24.418 (418159183)|METHOD_ENTRY|[EXTERNAL]|01pj0000003ELjs|fflib_QueryFactory.QueryField.hashCode()
14:50:24.418 (418301667)|METHOD_EXIT|[EXTERNAL]|01pj0000003ELjs|fflib_QueryFactory.QueryField.hashCode()
14:50:24.418 (418349794)|CONSTRUCTOR_ENTRY|[239]|01pj0000003ELjs|<init>(Schema.SObjectField)
14:50:24.418 (418375610)|CONSTRUCTOR_EXIT|[239]|01pj0000003ELjs|<init>(Schema.SObjectField)
14:50:24.418 (418396618)|METHOD_ENTRY|[EXTERNAL]|01pj0000003ELjs|fflib_QueryFactory.QueryField.hashCode()
14:50:24.418 (418468865)|METHOD_EXIT|[EXTERNAL]|01pj0000003ELjs|fflib_QueryFactory.QueryField.hashCode()
14:50:24.418 (418512861)|CONSTRUCTOR_ENTRY|[239]|01pj0000003ELjs|<init>(Schema.SObjectField)
14:50:24.418 (418536999)|CONSTRUCTOR_EXIT|[239]|01pj0000003ELjs|<init>(Schema.SObjectField)
14:50:24.418 (418562577)|METHOD_ENTRY|[EXTERNAL]|01pj0000003ELjs|fflib_QueryFactory.QueryField.hashCode()
14:50:24.418 (418634331)|METHOD_EXIT|[EXTERNAL]|01pj0000003ELjs|fflib_QueryFactory.QueryField.hashCode()
14:50:24.418 (418677928)|CONSTRUCTOR_ENTRY|[239]|01pj0000003ELjs|<init>(Schema.SObjectField)
14:50:24.418 (418701838)|CONSTRUCTOR_EXIT|[239]|01pj0000003ELjs|<init>(Schema.SObjectField)
14:50:24.418 (418721828)|METHOD_ENTRY|[EXTERNAL]|01pj0000003ELjs|fflib_QueryFactory.QueryField.hashCode()
14:50:24.418 (418791192)|METHOD_EXIT|[EXTERNAL]|01pj0000003ELjs|fflib_QueryFactory.QueryField.hashCode()
14:50:24.418 (418823817)|METHOD_EXIT|[364]|01pj0000003ELjs|fflib_QueryFactory.selectFields(Set<Schema.SObjectField>)
14:50:24.418 (418916648)|METHOD_ENTRY|[376]|01pj0000003ELjz|fflib_SObjectSelector.getOrderBy()
14:50:24.418 (418964779)|METHOD_ENTRY|[64]|01pj0000003ETje|t3_Invoice_Selector.getSObjectType()
14:50:24.418 (418996082)|METHOD_EXIT|[64]|01pj0000003ETje|t3_Invoice_Selector.getSObjectType()
14:50:24.422 (422835388)|METHOD_ENTRY|[39]|01pj0000003ELju|fflib_SObjectDescribe.fflib_SObjectDescribe()
14:50:24.422 (422854019)|METHOD_EXIT|[39]|fflib_SObjectDescribe
14:50:24.422 (422883580)|METHOD_ENTRY|[64]|01pj0000003ELju|fflib_SObjectDescribe.getDescribe(Schema.SObjectType)
14:50:24.423 (423436976)|CONSTRUCTOR_ENTRY|[198]|01pj0000003ELju|<init>(Schema.SObjectType)
14:50:24.423 (423616239)|CONSTRUCTOR_EXIT|[198]|01pj0000003ELju|<init>(Schema.SObjectType)
14:50:24.423 (423624372)|METHOD_EXIT|[64]|01pj0000003ELju|fflib_SObjectDescribe.getDescribe(Schema.SObjectType)
14:50:24.423 (423665697)|METHOD_ENTRY|[126]|01pj0000003ELju|fflib_SObjectDescribe.getNameField()
14:50:24.424 (424060442)|CONSTRUCTOR_ENTRY|[70]|01pj0000003ELju|<init>(Map<String,Schema.SObjectField>)
14:50:24.424 (424086357)|CONSTRUCTOR_ENTRY|[292]|01pj0000003ELju|<init>(Map<String,ANY>)
14:50:24.424 (424289627)|CONSTRUCTOR_EXIT|[292]|01pj0000003ELju|<init>(Map<String,ANY>)
14:50:24.424 (424297325)|CONSTRUCTOR_EXIT|[70]|01pj0000003ELju|<init>(Map<String,Schema.SObjectField>)
14:50:24.424 (424337068)|METHOD_ENTRY|[123]|01pj0000003ELju|fflib_SObjectDescribe.FieldsMap.values()
14:50:24.424 (424416748)|METHOD_EXIT|[123]|01pj0000003ELju|fflib_SObjectDescribe.FieldsMap.values()
14:50:24.426 (426301856)|METHOD_EXIT|[126]|01pj0000003ELju|fflib_SObjectDescribe.getNameField()
14:50:24.426 (426335350)|METHOD_ENTRY|[127]|01pj0000003ELju|fflib_SObjectDescribe.getNameField()
14:50:24.426 (426343789)|METHOD_EXIT|[127]|01pj0000003ELju|fflib_SObjectDescribe.getNameField()
14:50:24.426 (426384158)|METHOD_EXIT|[376]|01pj0000003ELjz|fflib_SObjectSelector.getOrderBy()
14:50:24.428 (428721274)|METHOD_ENTRY|[389]|01pj0000003ELjs|fflib_QueryFactory.addOrdering(String, fflib_QueryFactory.SortOrder)
14:50:24.428 (428768134)|METHOD_ENTRY|[445]|01pj0000003ELjs|fflib_QueryFactory.getFieldToken(String)
14:50:24.428 (428840522)|METHOD_ENTRY|[93]|01pj0000003ELju|fflib_SObjectDescribe.getDescribe(Schema.SObjectType)
14:50:24.428 (428916867)|METHOD_EXIT|[93]|01pj0000003ELju|fflib_SObjectDescribe.getDescribe(Schema.SObjectType)
14:50:24.428 (428929227)|METHOD_ENTRY|[93]|01pj0000003ELju|fflib_SObjectDescribe.getField(String)
14:50:24.428 (428943328)|METHOD_ENTRY|[97]|01pj0000003ELju|fflib_SObjectDescribe.getField(String, Boolean)
14:50:24.429 (429018097)|METHOD_ENTRY|[105]|01pj0000003ELju|fflib_SObjectDescribe.FieldsMap.get(String, Boolean)
14:50:24.429 (429039481)|METHOD_ENTRY|[299]|01pj0000003ELju|fflib_SObjectDescribe.NamespacedAttributeMap.getObject(String, Boolean)
14:50:24.429 (429154911)|METHOD_EXIT|[299]|01pj0000003ELju|fflib_SObjectDescribe.NamespacedAttributeMap.getObject(String, Boolean)
14:50:24.429 (429162813)|METHOD_EXIT|[105]|01pj0000003ELju|fflib_SObjectDescribe.FieldsMap.get(String, Boolean)
14:50:24.429 (429168741)|METHOD_EXIT|[97]|01pj0000003ELju|fflib_SObjectDescribe.getField(String, Boolean)
14:50:24.429 (429173308)|METHOD_EXIT|[93]|01pj0000003ELju|fflib_SObjectDescribe.getField(String)
14:50:24.429 (429197005)|CONSTRUCTOR_ENTRY|[98]|01pj0000003ELjs|<init>(Schema.SObjectField)
14:50:24.429 (429238779)|CONSTRUCTOR_EXIT|[98]|01pj0000003ELjs|<init>(Schema.SObjectField)
14:50:24.429 (429246407)|METHOD_EXIT|[445]|01pj0000003ELjs|fflib_QueryFactory.getFieldToken(String)
14:50:24.429 (429269817)|CONSTRUCTOR_ENTRY|[445]|01pj0000003ELjs|<init>(fflib_QueryFactory.QueryField,fflib_QueryFactory.SortOrder)
14:50:24.429 (429285341)|CONSTRUCTOR_ENTRY|[531]|01pj0000003ELjs|<init>(fflib_QueryFactory.QueryField,fflib_QueryFactory.SortOrder,Boolean)
14:50:24.429 (429332829)|CONSTRUCTOR_EXIT|[531]|01pj0000003ELjs|<init>(fflib_QueryFactory.QueryField,fflib_QueryFactory.SortOrder,Boolean)
14:50:24.429 (429340813)|CONSTRUCTOR_EXIT|[445]|01pj0000003ELjs|<init>(fflib_QueryFactory.QueryField,fflib_QueryFactory.SortOrder)
14:50:24.429 (429374487)|METHOD_EXIT|[389]|01pj0000003ELjs|fflib_QueryFactory.addOrdering(String, fflib_QueryFactory.SortOrder)
14:50:24.429 (429400325)|METHOD_EXIT|[290]|01pj0000003ELjz|fflib_SObjectSelector.configureQueryFactory(fflib_QueryFactory, Boolean, Boolean, Boolean)
14:50:24.429 (429407781)|METHOD_EXIT|[272]|01pj0000003ELjz|fflib_SObjectSelector.newQueryFactory(Boolean, Boolean, Boolean)
14:50:24.429 (429413633)|METHOD_EXIT|[338]|01pj0000003ELjz|fflib_SObjectSelector.newQueryFactory()
14:50:24.429 (429428764)|METHOD_ENTRY|[338]|01pj0000003ELjs|fflib_QueryFactory.setCondition(String)
14:50:24.429 (429439876)|METHOD_EXIT|[338]|01pj0000003ELjs|fflib_QueryFactory.setCondition(String)
14:50:24.429 (429448299)|METHOD_ENTRY|[338]|01pj0000003ELjs|fflib_QueryFactory.toSOQL()
14:50:24.429 (429696842)|METHOD_ENTRY|[634]|01pj0000003ELjs|fflib_QueryFactory.QueryField.equals(Object)
14:50:24.429 (429839587)|METHOD_EXIT|[634]|01pj0000003ELjs|fflib_QueryFactory.QueryField.equals(Object)
14:50:24.429 (429850397)|METHOD_ENTRY|[637]|01pj0000003ELjs|fflib_QueryFactory.QueryField.toString()
14:50:24.430 (430086847)|METHOD_EXIT|[637]|01pj0000003ELjs|fflib_QueryFactory.QueryField.toString()
14:50:24.430 (430095936)|METHOD_ENTRY|[637]|01pj0000003ELjs|fflib_QueryFactory.QueryField.toString()
14:50:24.430 (430231815)|METHOD_EXIT|[637]|01pj0000003ELjs|fflib_QueryFactory.QueryField.toString()
14:50:24.430 (430307302)|METHOD_ENTRY|[634]|01pj0000003ELjs|fflib_QueryFactory.QueryField.equals(Object)
14:50:24.430 (430410217)|METHOD_EXIT|[634]|01pj0000003ELjs|fflib_QueryFactory.QueryField.equals(Object)
14:50:24.430 (430418224)|METHOD_ENTRY|[637]|01pj0000003ELjs|fflib_QueryFactory.QueryField.toString()
14:50:24.430 (430562834)|METHOD_EXIT|[637]|01pj0000003ELjs|fflib_QueryFactory.QueryField.toString()
14:50:24.430 (430569809)|METHOD_ENTRY|[637]|01pj0000003ELjs|fflib_QueryFactory.QueryField.toString()
14:50:24.430 (430700301)|METHOD_EXIT|[637]|01pj0000003ELjs|fflib_QueryFactory.QueryField.toString()
14:50:24.430 (430773470)|METHOD_ENTRY|[634]|01pj0000003ELjs|fflib_QueryFactory.QueryField.equals(Object)
14:50:24.430 (430871851)|METHOD_EXIT|[634]|01pj0000003ELjs|fflib_QueryFactory.QueryField.equals(Object)
14:50:24.430 (430879689)|METHOD_ENTRY|[637]|01pj0000003ELjs|fflib_QueryFactory.QueryField.toString()
14:50:24.431 (431019592)|METHOD_EXIT|[637]|01pj0000003ELjs|fflib_QueryFactory.QueryField.toString()
14:50:24.431 (431027477)|METHOD_ENTRY|[637]|01pj0000003ELjs|fflib_QueryFactory.QueryField.toString()
14:50:24.431 (431236030)|METHOD_EXIT|[637]|01pj0000003ELjs|fflib_QueryFactory.QueryField.toString()
14:50:24.431 (431304776)|METHOD_ENTRY|[634]|01pj0000003ELjs|fflib_QueryFactory.QueryField.equals(Object)
14:50:24.431 (431399661)|METHOD_EXIT|[634]|01pj0000003ELjs|fflib_QueryFactory.QueryField.equals(Object)
14:50:24.431 (431407538)|METHOD_ENTRY|[637]|01pj0000003ELjs|fflib_QueryFactory.QueryField.toString()
14:50:24.431 (431548994)|METHOD_EXIT|[637]|01pj0000003ELjs|fflib_QueryFactory.QueryField.toString()
14:50:24.431 (431555861)|METHOD_ENTRY|[637]|01pj0000003ELjs|fflib_QueryFactory.QueryField.toString()
14:50:24.431 (431685480)|METHOD_EXIT|[637]|01pj0000003ELjs|fflib_QueryFactory.QueryField.toString()
14:50:24.431 (431753464)|METHOD_ENTRY|[634]|01pj0000003ELjs|fflib_QueryFactory.QueryField.equals(Object)
14:50:24.431 (431846502)|METHOD_EXIT|[634]|01pj0000003ELjs|fflib_QueryFactory.QueryField.equals(Object)
14:50:24.431 (431854638)|METHOD_ENTRY|[637]|01pj0000003ELjs|fflib_QueryFactory.QueryField.toString()
14:50:24.431 (431987747)|METHOD_EXIT|[637]|01pj0000003ELjs|fflib_QueryFactory.QueryField.toString()
14:50:24.431 (431994262)|METHOD_ENTRY|[637]|01pj0000003ELjs|fflib_QueryFactory.QueryField.toString()
14:50:24.432 (432122481)|METHOD_EXIT|[637]|01pj0000003ELjs|fflib_QueryFactory.QueryField.toString()
14:50:24.433 (433295640)|METHOD_ENTRY|[499]|01pj0000003ELjs|fflib_QueryFactory.Ordering.toSOQL()
14:50:24.433 (433555165)|METHOD_EXIT|[499]|01pj0000003ELjs|fflib_QueryFactory.Ordering.toSOQL()
14:50:24.433 (433629051)|METHOD_EXIT|[338]|01pj0000003ELjs|fflib_QueryFactory.toSOQL()
14:50:24.433 (433637465)|METHOD_EXIT|[221]|01pj0000003ELjz|fflib_SObjectSelector.buildQuerySObjectById()
14:50:24.433 (433890399)|SOQL_EXECUTE_BEGIN|[221]|Aggregations:0|SELECT Active__c, Amount__c, Id, ProductLine__c FROM Invoice__c WHERE id in :idSet ORDER BY Name ASC NULLS FIRST 
14:50:24.437 (437522126)|SOQL_EXECUTE_END|[221]|Rows:1
14:50:24.437 (437586867)|METHOD_EXIT|[186]|01pj0000003ELjz|fflib_SObjectSelector.selectSObjectsById(Set<Id>)
14:50:24.437 (437596072)|METHOD_EXIT|[9]|01pj0000003ELjo|fflib_Application.SelectorFactory.selectById(Set<Id>)
14:50:24.437 (437678057)|USER_DEBUG|[11]|DEBUG|(Invoice__c:{ProductLine__c=a00j0000005OcNTAA0, Active__c=false, Id=a01j0000003h5zgAAA, Amount__c=1})
14:50:24.437 (437718161)|METHOD_ENTRY|[13]|01pj0000003ELjo|fflib_Application.DomainFactory.newInstance(List<SObject>)
14:50:24.437 (437962687)|USER_DEBUG|[285]|DEBUG|t3_Invoices.Constructor
14:50:24.442 (442240849)|METHOD_ENTRY|[289]|01pj0000003ENkx|t3_Invoices.Constructor.construct(List<SObject>)
14:50:24.453 (453627479)|METHOD_ENTRY|[1]|01pj0000003ENkx|t3_Invoices.t3_Invoices()
14:50:24.453 (453657654)|METHOD_EXIT|[1]|t3_Invoices
14:50:24.454 (454496943)|CONSTRUCTOR_ENTRY|[43]|01pj0000003ENkx|<init>(List<Invoice__c>)
14:50:24.458 (458566385)|METHOD_ENTRY|[41]|01pj0000003ELjw|fflib_SObjectDomain.fflib_SObjectDomain()
14:50:24.459 (459716560)|CONSTRUCTOR_ENTRY|[76]|01pj0000003ELjw|<init>()
14:50:24.459 (459884223)|CONSTRUCTOR_EXIT|[76]|01pj0000003ELjw|<init>()
14:50:24.463 (463766024)|CONSTRUCTOR_ENTRY|[78]|01pj0000003ELjw|<init>()
14:50:24.463 (463843510)|CONSTRUCTOR_ENTRY|[547]|01pj0000003ELjw|<init>()
14:50:24.463 (463947570)|CONSTRUCTOR_EXIT|[547]|01pj0000003ELjw|<init>()
14:50:24.463 (463957005)|CONSTRUCTOR_EXIT|[78]|01pj0000003ELjw|<init>()
14:50:24.464 (464022923)|METHOD_EXIT|[41]|fflib_SObjectDomain
14:50:24.464 (464045354)|CONSTRUCTOR_ENTRY|[5]|01pj0000003ELjw|<init>(List<SObject>)
14:50:24.464 (464369209)|CONSTRUCTOR_ENTRY|[93]|01pj0000003ELjw|<init>()
14:50:24.464 (464513729)|CONSTRUCTOR_EXIT|[93]|01pj0000003ELjw|<init>()
14:50:24.464 (464543203)|CONSTRUCTOR_EXIT|[5]|01pj0000003ELjw|<init>(List<SObject>)
14:50:24.464 (464553975)|CONSTRUCTOR_EXIT|[43]|01pj0000003ENkx|<init>(List<Invoice__c>)
14:50:24.464 (464561070)|METHOD_EXIT|[289]|01pj0000003ENkx|t3_Invoices.Constructor.construct(List<SObject>)
14:50:24.464 (464573234)|METHOD_EXIT|[13]|01pj0000003ELjo|fflib_Application.DomainFactory.newInstance(List<SObject>)
14:50:24.464 (464609411)|METHOD_ENTRY|[15]|01pj0000003ENkx|t3_Invoices.activate(fflib_ISObjectUnitOfWork)
14:50:24.464 (464856176)|METHOD_ENTRY|[23]|01pj0000003ELk1|fflib_SObjectUnitOfWork.registerDirty(SObject)
14:50:24.465 (465079897)|METHOD_EXIT|[23]|01pj0000003ELk1|fflib_SObjectUnitOfWork.registerDirty(SObject)
14:50:24.465 (465120972)|METHOD_EXIT|[15]|01pj0000003ENkx|t3_Invoices.activate(fflib_ISObjectUnitOfWork)
14:50:24.465 (465156008)|METHOD_ENTRY|[17]|01pj0000003ELjo|fflib_Application.SelectorFactory.newInstance(Schema.SObjectType)
14:50:24.466 (466608753)|METHOD_ENTRY|[1]|01pj0000003EOBA|t3_Products_Selector.t3_Products_Selector()
14:50:24.466 (466623452)|METHOD_EXIT|[1]|t3_Products_Selector
14:50:24.466 (466654787)|CONSTRUCTOR_ENTRY|[EXTERNAL]|01pj0000003ELjz|<init>()
14:50:24.466 (466670489)|CONSTRUCTOR_ENTRY|[85]|01pj0000003ELjz|<init>(Boolean)
14:50:24.466 (466684430)|CONSTRUCTOR_ENTRY|[95]|01pj0000003ELjz|<init>(Boolean,Boolean,Boolean)
14:50:24.466 (466709345)|CONSTRUCTOR_EXIT|[95]|01pj0000003ELjz|<init>(Boolean,Boolean,Boolean)
14:50:24.466 (466718504)|CONSTRUCTOR_EXIT|[85]|01pj0000003ELjz|<init>(Boolean)
14:50:24.466 (466725913)|CONSTRUCTOR_EXIT|[EXTERNAL]|01pj0000003ELjz|<init>()
14:50:24.466 (466754054)|METHOD_EXIT|[17]|01pj0000003ELjo|fflib_Application.SelectorFactory.newInstance(Schema.SObjectType)
14:50:24.466 (466782999)|METHOD_ENTRY|[17]|01pj0000003EOBA|t3_Products_Selector.selectFromInvoices(List<Invoice__c>)
14:50:24.466 (466949017)|METHOD_ENTRY|[34]|01pj0000003ELjz|fflib_SObjectSelector.newQueryFactory(Boolean)
14:50:24.466 (466974174)|METHOD_ENTRY|[280]|01pj0000003ELjz|fflib_SObjectSelector.newQueryFactory(Boolean, Boolean, Boolean)
14:50:24.466 (466992439)|METHOD_ENTRY|[290]|01pj0000003ELjz|fflib_SObjectSelector.getSObjectType2()
14:50:24.467 (467002190)|METHOD_ENTRY|[255]|01pj0000003EOBA|t3_Products_Selector.getSObjectType()
14:50:24.467 (467028293)|METHOD_EXIT|[255]|01pj0000003EOBA|t3_Products_Selector.getSObjectType()
14:50:24.467 (467034813)|METHOD_EXIT|[290]|01pj0000003ELjz|fflib_SObjectSelector.getSObjectType2()
14:50:24.467 (467043244)|CONSTRUCTOR_ENTRY|[290]|01pj0000003ELjs|<init>(Schema.SObjectType)
14:50:24.467 (467086391)|CONSTRUCTOR_EXIT|[290]|01pj0000003ELjs|<init>(Schema.SObjectType)
14:50:24.467 (467094851)|METHOD_ENTRY|[290]|01pj0000003ELjz|fflib_SObjectSelector.configureQueryFactory(fflib_QueryFactory, Boolean, Boolean, Boolean)
14:50:24.467 (467106337)|METHOD_ENTRY|[351]|01pj0000003ELjs|fflib_QueryFactory.assertIsAccessible()
14:50:24.467 (467122699)|METHOD_ENTRY|[166]|01pj0000003ELk3|fflib_SecurityUtils.checkObjectIsReadable(Schema.SObjectType)
14:50:24.467 (467161717)|METHOD_EXIT|[166]|01pj0000003ELk3|fflib_SecurityUtils.checkObjectIsReadable(Schema.SObjectType)
14:50:24.467 (467168012)|METHOD_EXIT|[351]|01pj0000003ELjs|fflib_QueryFactory.assertIsAccessible()
14:50:24.467 (467175652)|METHOD_ENTRY|[358]|01pj0000003ELjs|fflib_QueryFactory.setEnforceFLS(Boolean)
14:50:24.467 (467183559)|METHOD_EXIT|[358]|01pj0000003ELjs|fflib_QueryFactory.setEnforceFLS(Boolean)
14:50:24.467 (467190219)|METHOD_ENTRY|[376]|01pj0000003ELjz|fflib_SObjectSelector.getOrderBy()
14:50:24.467 (467207358)|METHOD_ENTRY|[64]|01pj0000003EOBA|t3_Products_Selector.getSObjectType()
14:50:24.467 (467227627)|METHOD_EXIT|[64]|01pj0000003EOBA|t3_Products_Selector.getSObjectType()
14:50:24.467 (467234498)|METHOD_ENTRY|[64]|01pj0000003ELju|fflib_SObjectDescribe.getDescribe(Schema.SObjectType)
14:50:24.467 (467318872)|CONSTRUCTOR_ENTRY|[198]|01pj0000003ELju|<init>(Schema.SObjectType)
14:50:24.467 (467442140)|CONSTRUCTOR_EXIT|[198]|01pj0000003ELju|<init>(Schema.SObjectType)
14:50:24.467 (467448936)|METHOD_EXIT|[64]|01pj0000003ELju|fflib_SObjectDescribe.getDescribe(Schema.SObjectType)
14:50:24.467 (467468495)|METHOD_ENTRY|[126]|01pj0000003ELju|fflib_SObjectDescribe.getNameField()
14:50:24.467 (467702267)|CONSTRUCTOR_ENTRY|[70]|01pj0000003ELju|<init>(Map<String,Schema.SObjectField>)
14:50:24.467 (467712836)|CONSTRUCTOR_ENTRY|[292]|01pj0000003ELju|<init>(Map<String,ANY>)
14:50:24.467 (467849264)|CONSTRUCTOR_EXIT|[292]|01pj0000003ELju|<init>(Map<String,ANY>)
14:50:24.467 (467856611)|CONSTRUCTOR_EXIT|[70]|01pj0000003ELju|<init>(Map<String,Schema.SObjectField>)
14:50:24.467 (467875092)|METHOD_ENTRY|[123]|01pj0000003ELju|fflib_SObjectDescribe.FieldsMap.values()
14:50:24.467 (467942568)|METHOD_EXIT|[123]|01pj0000003ELju|fflib_SObjectDescribe.FieldsMap.values()
14:50:24.468 (468900912)|METHOD_EXIT|[126]|01pj0000003ELju|fflib_SObjectDescribe.getNameField()
14:50:24.468 (468921856)|METHOD_ENTRY|[127]|01pj0000003ELju|fflib_SObjectDescribe.getNameField()
14:50:24.468 (468928874)|METHOD_EXIT|[127]|01pj0000003ELju|fflib_SObjectDescribe.getNameField()
14:50:24.468 (468958305)|METHOD_EXIT|[376]|01pj0000003ELjz|fflib_SObjectSelector.getOrderBy()
14:50:24.469 (469078527)|METHOD_ENTRY|[389]|01pj0000003ELjs|fflib_QueryFactory.addOrdering(String, fflib_QueryFactory.SortOrder)
14:50:24.469 (469093529)|METHOD_ENTRY|[445]|01pj0000003ELjs|fflib_QueryFactory.getFieldToken(String)
14:50:24.469 (469132057)|METHOD_ENTRY|[93]|01pj0000003ELju|fflib_SObjectDescribe.getDescribe(Schema.SObjectType)
14:50:24.469 (469200099)|METHOD_EXIT|[93]|01pj0000003ELju|fflib_SObjectDescribe.getDescribe(Schema.SObjectType)
14:50:24.469 (469207493)|METHOD_ENTRY|[93]|01pj0000003ELju|fflib_SObjectDescribe.getField(String)
14:50:24.469 (469216234)|METHOD_ENTRY|[97]|01pj0000003ELju|fflib_SObjectDescribe.getField(String, Boolean)
14:50:24.469 (469252136)|METHOD_ENTRY|[105]|01pj0000003ELju|fflib_SObjectDescribe.FieldsMap.get(String, Boolean)
14:50:24.469 (469261307)|METHOD_ENTRY|[299]|01pj0000003ELju|fflib_SObjectDescribe.NamespacedAttributeMap.getObject(String, Boolean)
14:50:24.469 (469328662)|METHOD_EXIT|[299]|01pj0000003ELju|fflib_SObjectDescribe.NamespacedAttributeMap.getObject(String, Boolean)
14:50:24.469 (469335835)|METHOD_EXIT|[105]|01pj0000003ELju|fflib_SObjectDescribe.FieldsMap.get(String, Boolean)
14:50:24.469 (469341451)|METHOD_EXIT|[97]|01pj0000003ELju|fflib_SObjectDescribe.getField(String, Boolean)
14:50:24.469 (469346290)|METHOD_EXIT|[93]|01pj0000003ELju|fflib_SObjectDescribe.getField(String)
14:50:24.469 (469363456)|CONSTRUCTOR_ENTRY|[98]|01pj0000003ELjs|<init>(Schema.SObjectField)
14:50:24.469 (469390558)|CONSTRUCTOR_EXIT|[98]|01pj0000003ELjs|<init>(Schema.SObjectField)
14:50:24.469 (469397379)|METHOD_EXIT|[445]|01pj0000003ELjs|fflib_QueryFactory.getFieldToken(String)
14:50:24.469 (469405767)|CONSTRUCTOR_ENTRY|[445]|01pj0000003ELjs|<init>(fflib_QueryFactory.QueryField,fflib_QueryFactory.SortOrder)
14:50:24.469 (469416057)|CONSTRUCTOR_ENTRY|[531]|01pj0000003ELjs|<init>(fflib_QueryFactory.QueryField,fflib_QueryFactory.SortOrder,Boolean)
14:50:24.469 (469430739)|CONSTRUCTOR_EXIT|[531]|01pj0000003ELjs|<init>(fflib_QueryFactory.QueryField,fflib_QueryFactory.SortOrder,Boolean)
14:50:24.469 (469437189)|CONSTRUCTOR_EXIT|[445]|01pj0000003ELjs|<init>(fflib_QueryFactory.QueryField,fflib_QueryFactory.SortOrder)
14:50:24.469 (469463117)|METHOD_EXIT|[389]|01pj0000003ELjs|fflib_QueryFactory.addOrdering(String, fflib_QueryFactory.SortOrder)
14:50:24.469 (469485880)|METHOD_EXIT|[290]|01pj0000003ELjz|fflib_SObjectSelector.configureQueryFactory(fflib_QueryFactory, Boolean, Boolean, Boolean)
14:50:24.469 (469492420)|METHOD_EXIT|[280]|01pj0000003ELjz|fflib_SObjectSelector.newQueryFactory(Boolean, Boolean, Boolean)
14:50:24.469 (469497809)|METHOD_EXIT|[34]|01pj0000003ELjz|fflib_SObjectSelector.newQueryFactory(Boolean)
14:50:24.469 (469506017)|METHOD_ENTRY|[34]|01pj0000003ELjs|fflib_QueryFactory.assertIsAccessible()
14:50:24.469 (469520579)|METHOD_ENTRY|[166]|01pj0000003ELk3|fflib_SecurityUtils.checkObjectIsReadable(Schema.SObjectType)
14:50:24.469 (469553559)|METHOD_EXIT|[166]|01pj0000003ELk3|fflib_SecurityUtils.checkObjectIsReadable(Schema.SObjectType)
14:50:24.469 (469559703)|METHOD_EXIT|[34]|01pj0000003ELjs|fflib_QueryFactory.assertIsAccessible()
14:50:24.469 (469568162)|METHOD_ENTRY|[34]|01pj0000003EOBA|t3_Products_Selector.getSObjectFieldList()
14:50:24.469 (469669644)|METHOD_EXIT|[34]|01pj0000003EOBA|t3_Products_Selector.getSObjectFieldList()
14:50:24.469 (469686032)|METHOD_ENTRY|[34]|01pj0000003ELjs|fflib_QueryFactory.selectFields(List<Schema.SObjectField>)
14:50:24.469 (469748290)|CONSTRUCTOR_ENTRY|[254]|01pj0000003ELjs|<init>(Schema.SObjectField)
14:50:24.469 (469785020)|CONSTRUCTOR_EXIT|[254]|01pj0000003ELjs|<init>(Schema.SObjectField)
14:50:24.469 (469811400)|METHOD_ENTRY|[EXTERNAL]|01pj0000003ELjs|fflib_QueryFactory.QueryField.hashCode()
14:50:24.469 (469891458)|METHOD_EXIT|[EXTERNAL]|01pj0000003ELjs|fflib_QueryFactory.QueryField.hashCode()
14:50:24.469 (469935667)|CONSTRUCTOR_ENTRY|[254]|01pj0000003ELjs|<init>(Schema.SObjectField)
14:50:24.469 (469959862)|CONSTRUCTOR_EXIT|[254]|01pj0000003ELjs|<init>(Schema.SObjectField)
14:50:24.469 (469980473)|METHOD_ENTRY|[EXTERNAL]|01pj0000003ELjs|fflib_QueryFactory.QueryField.hashCode()
14:50:24.470 (470049792)|METHOD_EXIT|[EXTERNAL]|01pj0000003ELjs|fflib_QueryFactory.QueryField.hashCode()
14:50:24.470 (470093804)|CONSTRUCTOR_ENTRY|[254]|01pj0000003ELjs|<init>(Schema.SObjectField)
14:50:24.470 (470117779)|CONSTRUCTOR_EXIT|[254]|01pj0000003ELjs|<init>(Schema.SObjectField)
14:50:24.470 (470138177)|METHOD_ENTRY|[EXTERNAL]|01pj0000003ELjs|fflib_QueryFactory.QueryField.hashCode()
14:50:24.470 (470207299)|METHOD_EXIT|[EXTERNAL]|01pj0000003ELjs|fflib_QueryFactory.QueryField.hashCode()
14:50:24.470 (470239485)|METHOD_EXIT|[34]|01pj0000003ELjs|fflib_QueryFactory.selectFields(List<Schema.SObjectField>)
14:50:24.470 (470252367)|METHOD_ENTRY|[34]|01pj0000003ELjs|fflib_QueryFactory.setCondition(String)
14:50:24.470 (470260768)|METHOD_EXIT|[34]|01pj0000003ELjs|fflib_QueryFactory.setCondition(String)
14:50:24.470 (470268647)|METHOD_ENTRY|[34]|01pj0000003ELjs|fflib_QueryFactory.toSOQL()
14:50:24.470 (470379704)|METHOD_ENTRY|[634]|01pj0000003ELjs|fflib_QueryFactory.QueryField.equals(Object)
14:50:24.470 (470490570)|METHOD_EXIT|[634]|01pj0000003ELjs|fflib_QueryFactory.QueryField.equals(Object)
14:50:24.470 (470499418)|METHOD_ENTRY|[637]|01pj0000003ELjs|fflib_QueryFactory.QueryField.toString()
14:50:24.470 (470657998)|METHOD_EXIT|[637]|01pj0000003ELjs|fflib_QueryFactory.QueryField.toString()
14:50:24.470 (470665280)|METHOD_ENTRY|[637]|01pj0000003ELjs|fflib_QueryFactory.QueryField.toString()
14:50:24.470 (470797322)|METHOD_EXIT|[637]|01pj0000003ELjs|fflib_QueryFactory.QueryField.toString()
14:50:24.470 (470868573)|METHOD_ENTRY|[634]|01pj0000003ELjs|fflib_QueryFactory.QueryField.equals(Object)
14:50:24.470 (470965667)|METHOD_EXIT|[634]|01pj0000003ELjs|fflib_QueryFactory.QueryField.equals(Object)
14:50:24.470 (470973348)|METHOD_ENTRY|[637]|01pj0000003ELjs|fflib_QueryFactory.QueryField.toString()
14:50:24.471 (471108967)|METHOD_EXIT|[637]|01pj0000003ELjs|fflib_QueryFactory.QueryField.toString()
14:50:24.471 (471116325)|METHOD_ENTRY|[637]|01pj0000003ELjs|fflib_QueryFactory.QueryField.toString()
14:50:24.471 (471237449)|METHOD_EXIT|[637]|01pj0000003ELjs|fflib_QueryFactory.QueryField.toString()
14:50:24.471 (471967945)|METHOD_ENTRY|[499]|01pj0000003ELjs|fflib_QueryFactory.Ordering.toSOQL()
14:50:24.472 (472178711)|METHOD_EXIT|[499]|01pj0000003ELjs|fflib_QueryFactory.Ordering.toSOQL()
14:50:24.472 (472237830)|METHOD_EXIT|[34]|01pj0000003ELjs|fflib_QueryFactory.toSOQL()
14:50:24.472 (472483374)|SOQL_EXECUTE_BEGIN|[40]|Aggregations:0|SELECT Id, Inventory__c, Name FROM Product__c WHERE id in :ids ORDER BY Name ASC NULLS FIRST 
14:50:24.475 (475557556)|SOQL_EXECUTE_END|[40]|Rows:1
14:50:24.475 (475653488)|METHOD_EXIT|[17]|01pj0000003EOBA|t3_Products_Selector.selectFromInvoices(List<Invoice__c>)
14:50:24.475 (475678070)|METHOD_ENTRY|[19]|01pj0000003ELjo|fflib_Application.DomainFactory.newInstance(List<SObject>)
14:50:24.475 (475948575)|USER_DEBUG|[285]|DEBUG|t3_Products.Constructor
14:50:24.476 (476136682)|METHOD_ENTRY|[289]|01pj0000003ENgk|t3_Products.Constructor.construct(List<SObject>)
14:50:24.479 (479412593)|METHOD_ENTRY|[1]|01pj0000003ENgk|t3_Products.t3_Products()
14:50:24.479 (479431021)|METHOD_EXIT|[1]|t3_Products
14:50:24.479 (479474631)|CONSTRUCTOR_ENTRY|[29]|01pj0000003ENgk|<init>(List<Product__c>)
14:50:24.479 (479520435)|CONSTRUCTOR_ENTRY|[10]|01pj0000003ELjw|<init>(List<SObject>)
14:50:24.479 (479659682)|CONSTRUCTOR_ENTRY|[93]|01pj0000003ELjw|<init>()
14:50:24.479 (479704487)|CONSTRUCTOR_EXIT|[93]|01pj0000003ELjw|<init>()
14:50:24.479 (479725776)|CONSTRUCTOR_EXIT|[10]|01pj0000003ELjw|<init>(List<SObject>)
14:50:24.479 (479735705)|CONSTRUCTOR_EXIT|[29]|01pj0000003ENgk|<init>(List<Product__c>)
14:50:24.479 (479741514)|METHOD_EXIT|[289]|01pj0000003ENgk|t3_Products.Constructor.construct(List<SObject>)
14:50:24.479 (479750361)|METHOD_EXIT|[19]|01pj0000003ELjo|fflib_Application.DomainFactory.newInstance(List<SObject>)
14:50:24.479 (479766711)|METHOD_ENTRY|[21]|01pj0000003ENkx|t3_Invoices.getAmountsByProducto()
14:50:24.480 (480085354)|METHOD_EXIT|[21]|01pj0000003ENkx|t3_Invoices.getAmountsByProducto()
14:50:24.480 (480111715)|METHOD_ENTRY|[21]|01pj0000003ENgk|t3_Products.updateInventory(fflib_ISObjectUnitOfWork, Map<Id,Decimal>)
14:50:24.480 (480309661)|USER_DEBUG|[17]|DEBUG|Product__c:{Name=P1, Id=a00j0000005OcNTAA0, Inventory__c=100}
14:50:24.480 (480370216)|USER_DEBUG|[18]|DEBUG|1
14:50:24.480 (480503520)|METHOD_ENTRY|[20]|01pj0000003ELk1|fflib_SObjectUnitOfWork.registerDirty(SObject)
14:50:24.480 (480644052)|METHOD_EXIT|[20]|01pj0000003ELk1|fflib_SObjectUnitOfWork.registerDirty(SObject)
14:50:24.480 (480668627)|METHOD_EXIT|[21]|01pj0000003ENgk|t3_Products.updateInventory(fflib_ISObjectUnitOfWork, Map<Id,Decimal>)
14:50:24.480 (480678644)|METHOD_ENTRY|[23]|01pj0000003ELk1|fflib_SObjectUnitOfWork.commitWork()
14:50:24.481 (481280966)|SAVEPOINT_SET|[226]|SavepointValue0
14:50:24.481 (481441892)|METHOD_ENTRY|[232]|01pj0000003ELk1|fflib_SObjectUnitOfWork.Relationships.resolve()
14:50:24.481 (481545216)|METHOD_EXIT|[232]|01pj0000003ELk1|fflib_SObjectUnitOfWork.Relationships.resolve()
14:50:24.481 (481641207)|METHOD_ENTRY|[233]|01pj0000003ELk1|fflib_SObjectUnitOfWork.SimpleDML.dmlInsert(List<SObject>)
14:50:24.481 (481752509)|METHOD_EXIT|[233]|01pj0000003ELk1|fflib_SObjectUnitOfWork.SimpleDML.dmlInsert(List<SObject>)
14:50:24.481 (481826032)|METHOD_ENTRY|[232]|01pj0000003ELk1|fflib_SObjectUnitOfWork.Relationships.resolve()
14:50:24.481 (481857090)|METHOD_EXIT|[232]|01pj0000003ELk1|fflib_SObjectUnitOfWork.Relationships.resolve()
14:50:24.481 (481906258)|METHOD_ENTRY|[233]|01pj0000003ELk1|fflib_SObjectUnitOfWork.SimpleDML.dmlInsert(List<SObject>)
14:50:24.481 (481934316)|METHOD_EXIT|[233]|01pj0000003ELk1|fflib_SObjectUnitOfWork.SimpleDML.dmlInsert(List<SObject>)
14:50:24.482 (482084825)|METHOD_ENTRY|[237]|01pj0000003ELk1|fflib_SObjectUnitOfWork.SimpleDML.dmlUpdate(List<SObject>)
14:50:24.482 (482116502)|DML_BEGIN|[94]|Op:Update|Type:SObject|Rows:1
14:50:24.497 (497902202)|DML_END|[94]
14:50:24.497 (497939275)|METHOD_EXIT|[237]|01pj0000003ELk1|fflib_SObjectUnitOfWork.SimpleDML.dmlUpdate(List<SObject>)
14:50:24.498 (498076784)|METHOD_ENTRY|[237]|01pj0000003ELk1|fflib_SObjectUnitOfWork.SimpleDML.dmlUpdate(List<SObject>)
14:50:24.498 (498102198)|DML_BEGIN|[94]|Op:Update|Type:SObject|Rows:1
14:50:24.516 (516186821)|DML_END|[94]
14:50:24.516 (516231968)|METHOD_EXIT|[237]|01pj0000003ELk1|fflib_SObjectUnitOfWork.SimpleDML.dmlUpdate(List<SObject>)
14:50:24.516 (516426930)|METHOD_ENTRY|[241]|01pj0000003ELk1|fflib_SObjectUnitOfWork.SimpleDML.dmlDelete(List<SObject>)
14:50:24.516 (516502409)|METHOD_EXIT|[241]|01pj0000003ELk1|fflib_SObjectUnitOfWork.SimpleDML.dmlDelete(List<SObject>)
14:50:24.516 (516579199)|METHOD_ENTRY|[241]|01pj0000003ELk1|fflib_SObjectUnitOfWork.SimpleDML.dmlDelete(List<SObject>)
14:50:24.516 (516608223)|METHOD_EXIT|[241]|01pj0000003ELk1|fflib_SObjectUnitOfWork.SimpleDML.dmlDelete(List<SObject>)
14:50:24.516 (516813515)|METHOD_ENTRY|[244]|01pj0000003ELk1|fflib_SObjectUnitOfWork.SendEmailWork.doWork()
14:50:24.516 (516868620)|METHOD_EXIT|[244]|01pj0000003ELk1|fflib_SObjectUnitOfWork.SendEmailWork.doWork()
14:50:24.516 (516890392)|METHOD_EXIT|[23]|01pj0000003ELk1|fflib_SObjectUnitOfWork.commitWork()
14:50:24.516 (516896901)|METHOD_EXIT|[9]|01pj0000003ETen|t3_Invoice_ServiceImpl.activateInvoices(Set<Id>)
14:50:25.296 (520792273)|CUMULATIVE_LIMIT_USAGE
14:50:25.296|LIMIT_USAGE_FOR_NS|(default)|
  Number of SOQL queries: 2 out of 100
  Number of query rows: 2 out of 50000
  Number of SOSL queries: 0 out of 20
  Number of DML statements: 5 out of 150
  Number of DML rows: 5 out of 10000
  Maximum CPU time: 0 out of 10000
  Maximum heap size: 0 out of 6000000
  Number of callouts: 0 out of 100
  Number of Email Invocations: 0 out of 10
  Number of future calls: 0 out of 50
  Number of queueable jobs added to the queue: 0 out of 50
  Number of Mobile Apex push calls: 0 out of 10

14:50:25.296|CUMULATIVE_LIMIT_USAGE_END

14:50:24.520 (520838153)|CODE_UNIT_FINISHED|execute_anonymous_apex
14:50:24.522 (522508461)|EXECUTION_FINISHED