Execute Anonymous

================================

Product__c p = new Product__c( Name='P1', Inventory__c= 100 );

insert p ;

Invoice__c i = new Invoice__c(  Amount__c=1);
i.ProductLine__c = p.id;
insert i;

t3_Invoice_ServiceImpl.activateInvoices( new Set<Id>{i.id} );

================================

31.0 APEX_CODE,DEBUG;APEX_PROFILING,DEBUG;CALLOUT,INFO;DB,INFO;VALIDATION,INFO;WORKFLOW,INFO
Execute Anonymous: Product__c p = new Product__c( Name='P1', Inventory__c= 100 );
Execute Anonymous: 
Execute Anonymous: insert p ;
Execute Anonymous: 
Execute Anonymous: Invoice__c i = new Invoice__c(  Amount__c=1);
Execute Anonymous: i.ProductLine__c = p.id;
Execute Anonymous: insert i;
Execute Anonymous: 
Execute Anonymous: t3_Invoice_ServiceImpl.activateInvoices( new Set<Id>{i.id} );
14:52:23.166 (166925139)|EXECUTION_STARTED
14:52:23.166 (166937330)|CODE_UNIT_STARTED|[EXTERNAL]|execute_anonymous_apex
14:52:23.167 (167920221)|DML_BEGIN|[3]|Op:Insert|Type:Product__c|Rows:1
14:52:23.233 (233327192)|DML_END|[3]
14:52:23.233 (233624415)|DML_BEGIN|[7]|Op:Insert|Type:Invoice__c|Rows:1
14:52:23.267 (267608252)|DML_END|[7]
14:52:23.273 (273809021)|METHOD_ENTRY|[1]|01pj0000003ETen|t3_Invoice_ServiceImpl.t3_Invoice_ServiceImpl()
14:52:23.273 (273826363)|METHOD_EXIT|[1]|t3_Invoice_ServiceImpl
14:52:23.273 (273857561)|METHOD_ENTRY|[9]|01pj0000003ETen|t3_Invoice_ServiceImpl.activateInvoices(Set<Id>)
14:52:23.282 (282999650)|METHOD_ENTRY|[1]|01pj0000003ENtX|t3_Application.t3_Application()
14:52:23.301 (301347359)|CONSTRUCTOR_ENTRY|[24]|01pj0000003ELjo|<init>(List<Schema.SObjectType>)
14:52:23.301 (301446280)|CONSTRUCTOR_EXIT|[24]|01pj0000003ELjo|<init>(List<Schema.SObjectType>)
14:52:23.311 (311952174)|CONSTRUCTOR_ENTRY|[27]|01pj0000003ELjo|<init>(Map<Schema.SObjectType,system.Type>)
14:52:23.312 (312042276)|CONSTRUCTOR_EXIT|[27]|01pj0000003ELjo|<init>(Map<Schema.SObjectType,system.Type>)
14:52:23.316 (316551013)|CONSTRUCTOR_ENTRY|[30]|01pj0000003ELjo|<init>(fflib_Application.SelectorFactory,Map<Schema.SObjectType,system.Type>)
14:52:23.316 (316621188)|CONSTRUCTOR_EXIT|[30]|01pj0000003ELjo|<init>(fflib_Application.SelectorFactory,Map<Schema.SObjectType,system.Type>)
14:52:23.319 (319251241)|CONSTRUCTOR_ENTRY|[33]|01pj0000003ELjo|<init>(Map<system.Type,system.Type>)
14:52:23.319 (319324161)|CONSTRUCTOR_EXIT|[33]|01pj0000003ELjo|<init>(Map<system.Type,system.Type>)
14:52:23.319 (319346947)|METHOD_EXIT|[1]|t3_Application
14:52:23.319 (319383609)|METHOD_ENTRY|[7]|01pj0000003ELjo|fflib_Application.UnitOfWorkFactory.newInstance()
14:52:23.331 (331149697)|METHOD_ENTRY|[54]|01pj0000003ELk1|fflib_SObjectUnitOfWork.fflib_SObjectUnitOfWork()
14:52:23.331 (331169710)|METHOD_EXIT|[54]|fflib_SObjectUnitOfWork
14:52:23.335 (335051208)|CONSTRUCTOR_ENTRY|[62]|01pj0000003ELk1|<init>(List<Schema.SObjectType>)
14:52:23.335 (335786720)|CONSTRUCTOR_ENTRY|[107]|01pj0000003ELk1|<init>()
14:52:23.335 (335838547)|CONSTRUCTOR_EXIT|[107]|01pj0000003ELk1|<init>()
14:52:23.335 (335856059)|CONSTRUCTOR_ENTRY|[107]|01pj0000003ELk1|<init>(List<Schema.SObjectType>,fflib_SObjectUnitOfWork.IDML)
14:52:23.336 (336037999)|CONSTRUCTOR_ENTRY|[69]|01pj0000003ELk1|<init>()
14:52:23.336 (336118528)|CONSTRUCTOR_EXIT|[69]|01pj0000003ELk1|<init>()
14:52:23.338 (338140104)|CONSTRUCTOR_ENTRY|[120]|01pj0000003ELk1|<init>()
14:52:23.338 (338227521)|CONSTRUCTOR_EXIT|[120]|01pj0000003ELk1|<init>()
14:52:23.339 (339490326)|CONSTRUCTOR_ENTRY|[120]|01pj0000003ELk1|<init>()
14:52:23.339 (339512320)|CONSTRUCTOR_EXIT|[120]|01pj0000003ELk1|<init>()
14:52:23.339 (339627027)|CONSTRUCTOR_EXIT|[107]|01pj0000003ELk1|<init>(List<Schema.SObjectType>,fflib_SObjectUnitOfWork.IDML)
14:52:23.339 (339644227)|CONSTRUCTOR_EXIT|[62]|01pj0000003ELk1|<init>(List<Schema.SObjectType>)
14:52:23.339 (339652470)|METHOD_EXIT|[7]|01pj0000003ELjo|fflib_Application.UnitOfWorkFactory.newInstance()
14:52:23.339 (339693602)|METHOD_ENTRY|[9]|01pj0000003ELjo|fflib_Application.SelectorFactory.selectById(Set<Id>)
14:52:23.340 (340067877)|METHOD_ENTRY|[186]|01pj0000003ELjo|fflib_Application.SelectorFactory.newInstance(Schema.SObjectType)
14:52:23.349 (349384268)|METHOD_ENTRY|[13]|01pj0000003ETje|t3_Invoice_Selector.t3_Invoice_Selector()
14:52:23.349 (349411348)|METHOD_EXIT|[13]|t3_Invoice_Selector
14:52:23.355 (355915471)|METHOD_ENTRY|[30]|01pj0000003ELjz|fflib_SObjectSelector.fflib_SObjectSelector()
14:52:23.356 (356042285)|METHOD_EXIT|[30]|fflib_SObjectSelector
14:52:23.356 (356064477)|CONSTRUCTOR_ENTRY|[EXTERNAL]|01pj0000003ELjz|<init>()
14:52:23.356 (356087598)|CONSTRUCTOR_ENTRY|[85]|01pj0000003ELjz|<init>(Boolean)
14:52:23.356 (356157617)|CONSTRUCTOR_ENTRY|[95]|01pj0000003ELjz|<init>(Boolean,Boolean,Boolean)
14:52:23.356 (356203905)|CONSTRUCTOR_EXIT|[95]|01pj0000003ELjz|<init>(Boolean,Boolean,Boolean)
14:52:23.356 (356214776)|CONSTRUCTOR_EXIT|[85]|01pj0000003ELjz|<init>(Boolean)
14:52:23.356 (356222594)|CONSTRUCTOR_EXIT|[EXTERNAL]|01pj0000003ELjz|<init>()
14:52:23.356 (356263385)|METHOD_EXIT|[186]|01pj0000003ELjo|fflib_Application.SelectorFactory.newInstance(Schema.SObjectType)
14:52:23.356 (356314503)|METHOD_ENTRY|[186]|01pj0000003ELjz|fflib_SObjectSelector.selectSObjectsById(Set<Id>)
14:52:23.356 (356333157)|METHOD_ENTRY|[221]|01pj0000003ELjz|fflib_SObjectSelector.buildQuerySObjectById()
14:52:23.356 (356358450)|METHOD_ENTRY|[338]|01pj0000003ELjz|fflib_SObjectSelector.newQueryFactory()
14:52:23.367 (367603088)|METHOD_ENTRY|[272]|01pj0000003ELjz|fflib_SObjectSelector.newQueryFactory(Boolean, Boolean, Boolean)
14:52:23.367 (367730005)|METHOD_ENTRY|[55]|01pj0000003ELjs|fflib_QueryFactory.fflib_QueryFactory()
14:52:23.367 (367743951)|METHOD_EXIT|[55]|fflib_QueryFactory
14:52:23.371 (371438827)|METHOD_ENTRY|[290]|01pj0000003ELjz|fflib_SObjectSelector.getSObjectType2()
14:52:23.371 (371485503)|METHOD_ENTRY|[255]|01pj0000003ETje|t3_Invoice_Selector.getSObjectType()
14:52:23.371 (371537678)|METHOD_EXIT|[255]|01pj0000003ETje|t3_Invoice_Selector.getSObjectType()
14:52:23.371 (371545007)|METHOD_EXIT|[290]|01pj0000003ELjz|fflib_SObjectSelector.getSObjectType2()
14:52:23.371 (371565936)|CONSTRUCTOR_ENTRY|[290]|01pj0000003ELjs|<init>(Schema.SObjectType)
14:52:23.371 (371806081)|CONSTRUCTOR_EXIT|[290]|01pj0000003ELjs|<init>(Schema.SObjectType)
14:52:23.371 (371823371)|METHOD_ENTRY|[290]|01pj0000003ELjz|fflib_SObjectSelector.configureQueryFactory(fflib_QueryFactory, Boolean, Boolean, Boolean)
14:52:23.371 (371851985)|METHOD_ENTRY|[351]|01pj0000003ELjs|fflib_QueryFactory.assertIsAccessible()
14:52:23.375 (375557576)|METHOD_ENTRY|[31]|01pj0000003ELk3|fflib_SecurityUtils.fflib_SecurityUtils()
14:52:23.375 (375579744)|METHOD_EXIT|[31]|fflib_SecurityUtils
14:52:23.375 (375606145)|METHOD_ENTRY|[166]|01pj0000003ELk3|fflib_SecurityUtils.checkObjectIsReadable(Schema.SObjectType)
14:52:23.375 (375718014)|METHOD_EXIT|[166]|01pj0000003ELk3|fflib_SecurityUtils.checkObjectIsReadable(Schema.SObjectType)
14:52:23.375 (375726136)|METHOD_EXIT|[351]|01pj0000003ELjs|fflib_QueryFactory.assertIsAccessible()
14:52:23.375 (375742726)|METHOD_ENTRY|[358]|01pj0000003ELjs|fflib_QueryFactory.setEnforceFLS(Boolean)
14:52:23.375 (375764490)|METHOD_EXIT|[358]|01pj0000003ELjs|fflib_QueryFactory.setEnforceFLS(Boolean)
14:52:23.375 (375784258)|METHOD_ENTRY|[364]|01pj0000003ETje|t3_Invoice_Selector.getSObjectFieldList()
14:52:23.375 (375965671)|METHOD_EXIT|[364]|01pj0000003ETje|t3_Invoice_Selector.getSObjectFieldList()
14:52:23.376 (376003678)|METHOD_ENTRY|[364]|01pj0000003ELjs|fflib_QueryFactory.selectFields(Set<Schema.SObjectField>)
14:52:23.376 (376182002)|CONSTRUCTOR_ENTRY|[239]|01pj0000003ELjs|<init>(Schema.SObjectField)
14:52:23.376 (376252986)|CONSTRUCTOR_EXIT|[239]|01pj0000003ELjs|<init>(Schema.SObjectField)
14:52:23.376 (376307201)|METHOD_ENTRY|[EXTERNAL]|01pj0000003ELjs|fflib_QueryFactory.QueryField.hashCode()
14:52:23.376 (376435524)|METHOD_EXIT|[EXTERNAL]|01pj0000003ELjs|fflib_QueryFactory.QueryField.hashCode()
14:52:23.376 (376482515)|CONSTRUCTOR_ENTRY|[239]|01pj0000003ELjs|<init>(Schema.SObjectField)
14:52:23.376 (376509135)|CONSTRUCTOR_EXIT|[239]|01pj0000003ELjs|<init>(Schema.SObjectField)
14:52:23.376 (376530422)|METHOD_ENTRY|[EXTERNAL]|01pj0000003ELjs|fflib_QueryFactory.QueryField.hashCode()
14:52:23.376 (376599659)|METHOD_EXIT|[EXTERNAL]|01pj0000003ELjs|fflib_QueryFactory.QueryField.hashCode()
14:52:23.376 (376643589)|CONSTRUCTOR_ENTRY|[239]|01pj0000003ELjs|<init>(Schema.SObjectField)
14:52:23.376 (376687392)|CONSTRUCTOR_EXIT|[239]|01pj0000003ELjs|<init>(Schema.SObjectField)
14:52:23.376 (376718795)|METHOD_ENTRY|[EXTERNAL]|01pj0000003ELjs|fflib_QueryFactory.QueryField.hashCode()
14:52:23.376 (376796995)|METHOD_EXIT|[EXTERNAL]|01pj0000003ELjs|fflib_QueryFactory.QueryField.hashCode()
14:52:23.376 (376843556)|CONSTRUCTOR_ENTRY|[239]|01pj0000003ELjs|<init>(Schema.SObjectField)
14:52:23.376 (376887608)|CONSTRUCTOR_EXIT|[239]|01pj0000003ELjs|<init>(Schema.SObjectField)
14:52:23.376 (376911197)|METHOD_ENTRY|[EXTERNAL]|01pj0000003ELjs|fflib_QueryFactory.QueryField.hashCode()
14:52:23.376 (376998033)|METHOD_EXIT|[EXTERNAL]|01pj0000003ELjs|fflib_QueryFactory.QueryField.hashCode()
14:52:23.377 (377032162)|METHOD_EXIT|[364]|01pj0000003ELjs|fflib_QueryFactory.selectFields(Set<Schema.SObjectField>)
14:52:23.377 (377125798)|METHOD_ENTRY|[376]|01pj0000003ELjz|fflib_SObjectSelector.getOrderBy()
14:52:23.377 (377175873)|METHOD_ENTRY|[64]|01pj0000003ETje|t3_Invoice_Selector.getSObjectType()
14:52:23.377 (377206672)|METHOD_EXIT|[64]|01pj0000003ETje|t3_Invoice_Selector.getSObjectType()
14:52:23.379 (379729509)|METHOD_ENTRY|[39]|01pj0000003ELju|fflib_SObjectDescribe.fflib_SObjectDescribe()
14:52:23.379 (379745376)|METHOD_EXIT|[39]|fflib_SObjectDescribe
14:52:23.379 (379771828)|METHOD_ENTRY|[64]|01pj0000003ELju|fflib_SObjectDescribe.getDescribe(Schema.SObjectType)
14:52:23.380 (380291269)|CONSTRUCTOR_ENTRY|[198]|01pj0000003ELju|<init>(Schema.SObjectType)
14:52:23.380 (380492824)|CONSTRUCTOR_EXIT|[198]|01pj0000003ELju|<init>(Schema.SObjectType)
14:52:23.380 (380502485)|METHOD_EXIT|[64]|01pj0000003ELju|fflib_SObjectDescribe.getDescribe(Schema.SObjectType)
14:52:23.380 (380567470)|METHOD_ENTRY|[126]|01pj0000003ELju|fflib_SObjectDescribe.getNameField()
14:52:23.381 (381055851)|CONSTRUCTOR_ENTRY|[70]|01pj0000003ELju|<init>(Map<String,Schema.SObjectField>)
14:52:23.381 (381092250)|CONSTRUCTOR_ENTRY|[292]|01pj0000003ELju|<init>(Map<String,ANY>)
14:52:23.381 (381296302)|CONSTRUCTOR_EXIT|[292]|01pj0000003ELju|<init>(Map<String,ANY>)
14:52:23.381 (381305121)|CONSTRUCTOR_EXIT|[70]|01pj0000003ELju|<init>(Map<String,Schema.SObjectField>)
14:52:23.381 (381347615)|METHOD_ENTRY|[123]|01pj0000003ELju|fflib_SObjectDescribe.FieldsMap.values()
14:52:23.381 (381425761)|METHOD_EXIT|[123]|01pj0000003ELju|fflib_SObjectDescribe.FieldsMap.values()
14:52:23.383 (383483982)|METHOD_EXIT|[126]|01pj0000003ELju|fflib_SObjectDescribe.getNameField()
14:52:23.383 (383518608)|METHOD_ENTRY|[127]|01pj0000003ELju|fflib_SObjectDescribe.getNameField()
14:52:23.383 (383527109)|METHOD_EXIT|[127]|01pj0000003ELju|fflib_SObjectDescribe.getNameField()
14:52:23.383 (383567598)|METHOD_EXIT|[376]|01pj0000003ELjz|fflib_SObjectSelector.getOrderBy()
14:52:23.385 (385681152)|METHOD_ENTRY|[389]|01pj0000003ELjs|fflib_QueryFactory.addOrdering(String, fflib_QueryFactory.SortOrder)
14:52:23.385 (385732910)|METHOD_ENTRY|[445]|01pj0000003ELjs|fflib_QueryFactory.getFieldToken(String)
14:52:23.385 (385805861)|METHOD_ENTRY|[93]|01pj0000003ELju|fflib_SObjectDescribe.getDescribe(Schema.SObjectType)
14:52:23.385 (385884700)|METHOD_EXIT|[93]|01pj0000003ELju|fflib_SObjectDescribe.getDescribe(Schema.SObjectType)
14:52:23.385 (385897650)|METHOD_ENTRY|[93]|01pj0000003ELju|fflib_SObjectDescribe.getField(String)
14:52:23.385 (385912873)|METHOD_ENTRY|[97]|01pj0000003ELju|fflib_SObjectDescribe.getField(String, Boolean)
14:52:23.386 (386002537)|METHOD_ENTRY|[105]|01pj0000003ELju|fflib_SObjectDescribe.FieldsMap.get(String, Boolean)
14:52:23.386 (386028188)|METHOD_ENTRY|[299]|01pj0000003ELju|fflib_SObjectDescribe.NamespacedAttributeMap.getObject(String, Boolean)
14:52:23.386 (386145802)|METHOD_EXIT|[299]|01pj0000003ELju|fflib_SObjectDescribe.NamespacedAttributeMap.getObject(String, Boolean)
14:52:23.386 (386154584)|METHOD_EXIT|[105]|01pj0000003ELju|fflib_SObjectDescribe.FieldsMap.get(String, Boolean)
14:52:23.386 (386160933)|METHOD_EXIT|[97]|01pj0000003ELju|fflib_SObjectDescribe.getField(String, Boolean)
14:52:23.386 (386165952)|METHOD_EXIT|[93]|01pj0000003ELju|fflib_SObjectDescribe.getField(String)
14:52:23.386 (386190465)|CONSTRUCTOR_ENTRY|[98]|01pj0000003ELjs|<init>(Schema.SObjectField)
14:52:23.386 (386234242)|CONSTRUCTOR_EXIT|[98]|01pj0000003ELjs|<init>(Schema.SObjectField)
14:52:23.386 (386242670)|METHOD_EXIT|[445]|01pj0000003ELjs|fflib_QueryFactory.getFieldToken(String)
14:52:23.386 (386266361)|CONSTRUCTOR_ENTRY|[445]|01pj0000003ELjs|<init>(fflib_QueryFactory.QueryField,fflib_QueryFactory.SortOrder)
14:52:23.386 (386282985)|CONSTRUCTOR_ENTRY|[531]|01pj0000003ELjs|<init>(fflib_QueryFactory.QueryField,fflib_QueryFactory.SortOrder,Boolean)
14:52:23.386 (386333800)|CONSTRUCTOR_EXIT|[531]|01pj0000003ELjs|<init>(fflib_QueryFactory.QueryField,fflib_QueryFactory.SortOrder,Boolean)
14:52:23.386 (386342617)|CONSTRUCTOR_EXIT|[445]|01pj0000003ELjs|<init>(fflib_QueryFactory.QueryField,fflib_QueryFactory.SortOrder)
14:52:23.386 (386374146)|METHOD_EXIT|[389]|01pj0000003ELjs|fflib_QueryFactory.addOrdering(String, fflib_QueryFactory.SortOrder)
14:52:23.386 (386400478)|METHOD_EXIT|[290]|01pj0000003ELjz|fflib_SObjectSelector.configureQueryFactory(fflib_QueryFactory, Boolean, Boolean, Boolean)
14:52:23.386 (386408381)|METHOD_EXIT|[272]|01pj0000003ELjz|fflib_SObjectSelector.newQueryFactory(Boolean, Boolean, Boolean)
14:52:23.386 (386414814)|METHOD_EXIT|[338]|01pj0000003ELjz|fflib_SObjectSelector.newQueryFactory()
14:52:23.386 (386430744)|METHOD_ENTRY|[338]|01pj0000003ELjs|fflib_QueryFactory.setCondition(String)
14:52:23.386 (386442537)|METHOD_EXIT|[338]|01pj0000003ELjs|fflib_QueryFactory.setCondition(String)
14:52:23.386 (386452060)|METHOD_ENTRY|[338]|01pj0000003ELjs|fflib_QueryFactory.toSOQL()
14:52:23.386 (386717329)|METHOD_ENTRY|[634]|01pj0000003ELjs|fflib_QueryFactory.QueryField.equals(Object)
14:52:23.386 (386887248)|METHOD_EXIT|[634]|01pj0000003ELjs|fflib_QueryFactory.QueryField.equals(Object)
14:52:23.386 (386899306)|METHOD_ENTRY|[637]|01pj0000003ELjs|fflib_QueryFactory.QueryField.toString()
14:52:23.387 (387171595)|METHOD_EXIT|[637]|01pj0000003ELjs|fflib_QueryFactory.QueryField.toString()
14:52:23.387 (387181601)|METHOD_ENTRY|[637]|01pj0000003ELjs|fflib_QueryFactory.QueryField.toString()
14:52:23.387 (387318146)|METHOD_EXIT|[637]|01pj0000003ELjs|fflib_QueryFactory.QueryField.toString()
14:52:23.387 (387392517)|METHOD_ENTRY|[634]|01pj0000003ELjs|fflib_QueryFactory.QueryField.equals(Object)
14:52:23.387 (387529428)|METHOD_EXIT|[634]|01pj0000003ELjs|fflib_QueryFactory.QueryField.equals(Object)
14:52:23.387 (387538731)|METHOD_ENTRY|[637]|01pj0000003ELjs|fflib_QueryFactory.QueryField.toString()
14:52:23.387 (387680276)|METHOD_EXIT|[637]|01pj0000003ELjs|fflib_QueryFactory.QueryField.toString()
14:52:23.387 (387687819)|METHOD_ENTRY|[637]|01pj0000003ELjs|fflib_QueryFactory.QueryField.toString()
14:52:23.387 (387817228)|METHOD_EXIT|[637]|01pj0000003ELjs|fflib_QueryFactory.QueryField.toString()
14:52:23.387 (387885552)|METHOD_ENTRY|[634]|01pj0000003ELjs|fflib_QueryFactory.QueryField.equals(Object)
14:52:23.387 (387989554)|METHOD_EXIT|[634]|01pj0000003ELjs|fflib_QueryFactory.QueryField.equals(Object)
14:52:23.387 (387998172)|METHOD_ENTRY|[637]|01pj0000003ELjs|fflib_QueryFactory.QueryField.toString()
14:52:23.388 (388132765)|METHOD_EXIT|[637]|01pj0000003ELjs|fflib_QueryFactory.QueryField.toString()
14:52:23.388 (388141200)|METHOD_ENTRY|[637]|01pj0000003ELjs|fflib_QueryFactory.QueryField.toString()
14:52:23.388 (388382897)|METHOD_EXIT|[637]|01pj0000003ELjs|fflib_QueryFactory.QueryField.toString()
14:52:23.388 (388452342)|METHOD_ENTRY|[634]|01pj0000003ELjs|fflib_QueryFactory.QueryField.equals(Object)
14:52:23.388 (388549222)|METHOD_EXIT|[634]|01pj0000003ELjs|fflib_QueryFactory.QueryField.equals(Object)
14:52:23.388 (388557521)|METHOD_ENTRY|[637]|01pj0000003ELjs|fflib_QueryFactory.QueryField.toString()
14:52:23.388 (388736423)|METHOD_EXIT|[637]|01pj0000003ELjs|fflib_QueryFactory.QueryField.toString()
14:52:23.388 (388744098)|METHOD_ENTRY|[637]|01pj0000003ELjs|fflib_QueryFactory.QueryField.toString()
14:52:23.388 (388874462)|METHOD_EXIT|[637]|01pj0000003ELjs|fflib_QueryFactory.QueryField.toString()
14:52:23.388 (388942655)|METHOD_ENTRY|[634]|01pj0000003ELjs|fflib_QueryFactory.QueryField.equals(Object)
14:52:23.389 (389049009)|METHOD_EXIT|[634]|01pj0000003ELjs|fflib_QueryFactory.QueryField.equals(Object)
14:52:23.389 (389059024)|METHOD_ENTRY|[637]|01pj0000003ELjs|fflib_QueryFactory.QueryField.toString()
14:52:23.389 (389210625)|METHOD_EXIT|[637]|01pj0000003ELjs|fflib_QueryFactory.QueryField.toString()
14:52:23.389 (389217969)|METHOD_ENTRY|[637]|01pj0000003ELjs|fflib_QueryFactory.QueryField.toString()
14:52:23.389 (389346734)|METHOD_EXIT|[637]|01pj0000003ELjs|fflib_QueryFactory.QueryField.toString()
14:52:23.390 (390531966)|METHOD_ENTRY|[499]|01pj0000003ELjs|fflib_QueryFactory.Ordering.toSOQL()
14:52:23.390 (390781926)|METHOD_EXIT|[499]|01pj0000003ELjs|fflib_QueryFactory.Ordering.toSOQL()
14:52:23.390 (390853149)|METHOD_EXIT|[338]|01pj0000003ELjs|fflib_QueryFactory.toSOQL()
14:52:23.390 (390861763)|METHOD_EXIT|[221]|01pj0000003ELjz|fflib_SObjectSelector.buildQuerySObjectById()
14:52:23.391 (391176649)|SOQL_EXECUTE_BEGIN|[221]|Aggregations:0|SELECT Active__c, Amount__c, Id, ProductLine__c FROM Invoice__c WHERE id in :idSet ORDER BY Name ASC NULLS FIRST 
14:52:23.394 (394671454)|SOQL_EXECUTE_END|[221]|Rows:1
14:52:23.394 (394753518)|METHOD_EXIT|[186]|01pj0000003ELjz|fflib_SObjectSelector.selectSObjectsById(Set<Id>)
14:52:23.394 (394763012)|METHOD_EXIT|[9]|01pj0000003ELjo|fflib_Application.SelectorFactory.selectById(Set<Id>)
14:52:23.394 (394855091)|USER_DEBUG|[11]|DEBUG|(Invoice__c:{ProductLine__c=a00j0000005OcSJAA0, Active__c=false, Id=a01j0000003h60AAAQ, Amount__c=1})
14:52:23.394 (394900085)|METHOD_ENTRY|[13]|01pj0000003ELjo|fflib_Application.DomainFactory.newInstance(List<SObject>)
14:52:23.395 (395180195)|USER_DEBUG|[285]|DEBUG|t3_Invoices.Constructor
14:52:23.398 (398228175)|METHOD_ENTRY|[289]|01pj0000003ENkx|t3_Invoices.Constructor.construct(List<SObject>)
14:52:23.407 (407407506)|METHOD_ENTRY|[1]|01pj0000003ENkx|t3_Invoices.t3_Invoices()
14:52:23.407 (407432129)|METHOD_EXIT|[1]|t3_Invoices
14:52:23.408 (408315797)|CONSTRUCTOR_ENTRY|[39]|01pj0000003ENkx|<init>(List<Invoice__c>)
14:52:23.411 (411252416)|METHOD_ENTRY|[41]|01pj0000003ELjw|fflib_SObjectDomain.fflib_SObjectDomain()
14:52:23.411 (411818220)|CONSTRUCTOR_ENTRY|[76]|01pj0000003ELjw|<init>()
14:52:23.411 (411925345)|CONSTRUCTOR_EXIT|[76]|01pj0000003ELjw|<init>()
14:52:23.414 (414518246)|CONSTRUCTOR_ENTRY|[78]|01pj0000003ELjw|<init>()
14:52:23.414 (414574402)|CONSTRUCTOR_ENTRY|[547]|01pj0000003ELjw|<init>()
14:52:23.414 (414651335)|CONSTRUCTOR_EXIT|[547]|01pj0000003ELjw|<init>()
14:52:23.414 (414661364)|CONSTRUCTOR_EXIT|[78]|01pj0000003ELjw|<init>()
14:52:23.414 (414728632)|METHOD_EXIT|[41]|fflib_SObjectDomain
14:52:23.414 (414747451)|CONSTRUCTOR_ENTRY|[12]|01pj0000003ELjw|<init>(List<SObject>)
14:52:23.415 (415077094)|CONSTRUCTOR_ENTRY|[93]|01pj0000003ELjw|<init>()
14:52:23.415 (415222130)|CONSTRUCTOR_EXIT|[93]|01pj0000003ELjw|<init>()
14:52:23.415 (415253450)|CONSTRUCTOR_EXIT|[12]|01pj0000003ELjw|<init>(List<SObject>)
14:52:23.415 (415265677)|CONSTRUCTOR_EXIT|[39]|01pj0000003ENkx|<init>(List<Invoice__c>)
14:52:23.415 (415272968)|METHOD_EXIT|[289]|01pj0000003ENkx|t3_Invoices.Constructor.construct(List<SObject>)
14:52:23.415 (415284100)|METHOD_EXIT|[13]|01pj0000003ELjo|fflib_Application.DomainFactory.newInstance(List<SObject>)
14:52:23.415 (415321943)|METHOD_ENTRY|[15]|01pj0000003ENkx|t3_Invoices.activate(fflib_ISObjectUnitOfWork)
14:52:23.415 (415575014)|METHOD_ENTRY|[19]|01pj0000003ELk1|fflib_SObjectUnitOfWork.registerDirty(SObject)
14:52:23.415 (415791904)|METHOD_EXIT|[19]|01pj0000003ELk1|fflib_SObjectUnitOfWork.registerDirty(SObject)
14:52:23.415 (415817537)|METHOD_EXIT|[15]|01pj0000003ENkx|t3_Invoices.activate(fflib_ISObjectUnitOfWork)
14:52:23.415 (415851735)|METHOD_ENTRY|[17]|01pj0000003ELjo|fflib_Application.SelectorFactory.newInstance(Schema.SObjectType)
14:52:23.418 (418304052)|METHOD_ENTRY|[1]|01pj0000003EOBA|t3_Products_Selector.t3_Products_Selector()
14:52:23.418 (418319647)|METHOD_EXIT|[1]|t3_Products_Selector
14:52:23.418 (418351201)|CONSTRUCTOR_ENTRY|[EXTERNAL]|01pj0000003ELjz|<init>()
14:52:23.418 (418368210)|CONSTRUCTOR_ENTRY|[85]|01pj0000003ELjz|<init>(Boolean)
14:52:23.418 (418382901)|CONSTRUCTOR_ENTRY|[95]|01pj0000003ELjz|<init>(Boolean,Boolean,Boolean)
14:52:23.418 (418408551)|CONSTRUCTOR_EXIT|[95]|01pj0000003ELjz|<init>(Boolean,Boolean,Boolean)
14:52:23.418 (418418490)|CONSTRUCTOR_EXIT|[85]|01pj0000003ELjz|<init>(Boolean)
14:52:23.418 (418426133)|CONSTRUCTOR_EXIT|[EXTERNAL]|01pj0000003ELjz|<init>()
14:52:23.418 (418453409)|METHOD_EXIT|[17]|01pj0000003ELjo|fflib_Application.SelectorFactory.newInstance(Schema.SObjectType)
14:52:23.418 (418485139)|METHOD_ENTRY|[17]|01pj0000003EOBA|t3_Products_Selector.selectFromInvoices(List<Invoice__c>)
14:52:23.418 (418652024)|METHOD_ENTRY|[34]|01pj0000003ELjz|fflib_SObjectSelector.newQueryFactory(Boolean)
14:52:23.418 (418678519)|METHOD_ENTRY|[280]|01pj0000003ELjz|fflib_SObjectSelector.newQueryFactory(Boolean, Boolean, Boolean)
14:52:23.418 (418697890)|METHOD_ENTRY|[290]|01pj0000003ELjz|fflib_SObjectSelector.getSObjectType2()
14:52:23.418 (418708492)|METHOD_ENTRY|[255]|01pj0000003EOBA|t3_Products_Selector.getSObjectType()
14:52:23.418 (418734225)|METHOD_EXIT|[255]|01pj0000003EOBA|t3_Products_Selector.getSObjectType()
14:52:23.418 (418741116)|METHOD_EXIT|[290]|01pj0000003ELjz|fflib_SObjectSelector.getSObjectType2()
14:52:23.418 (418749984)|CONSTRUCTOR_ENTRY|[290]|01pj0000003ELjs|<init>(Schema.SObjectType)
14:52:23.418 (418795160)|CONSTRUCTOR_EXIT|[290]|01pj0000003ELjs|<init>(Schema.SObjectType)
14:52:23.418 (418804825)|METHOD_ENTRY|[290]|01pj0000003ELjz|fflib_SObjectSelector.configureQueryFactory(fflib_QueryFactory, Boolean, Boolean, Boolean)
14:52:23.418 (418816279)|METHOD_ENTRY|[351]|01pj0000003ELjs|fflib_QueryFactory.assertIsAccessible()
14:52:23.418 (418832509)|METHOD_ENTRY|[166]|01pj0000003ELk3|fflib_SecurityUtils.checkObjectIsReadable(Schema.SObjectType)
14:52:23.418 (418873603)|METHOD_EXIT|[166]|01pj0000003ELk3|fflib_SecurityUtils.checkObjectIsReadable(Schema.SObjectType)
14:52:23.418 (418880390)|METHOD_EXIT|[351]|01pj0000003ELjs|fflib_QueryFactory.assertIsAccessible()
14:52:23.418 (418888406)|METHOD_ENTRY|[358]|01pj0000003ELjs|fflib_QueryFactory.setEnforceFLS(Boolean)
14:52:23.418 (418897088)|METHOD_EXIT|[358]|01pj0000003ELjs|fflib_QueryFactory.setEnforceFLS(Boolean)
14:52:23.418 (418904320)|METHOD_ENTRY|[376]|01pj0000003ELjz|fflib_SObjectSelector.getOrderBy()
14:52:23.418 (418920930)|METHOD_ENTRY|[64]|01pj0000003EOBA|t3_Products_Selector.getSObjectType()
14:52:23.418 (418942161)|METHOD_EXIT|[64]|01pj0000003EOBA|t3_Products_Selector.getSObjectType()
14:52:23.418 (418949190)|METHOD_ENTRY|[64]|01pj0000003ELju|fflib_SObjectDescribe.getDescribe(Schema.SObjectType)
14:52:23.419 (419037131)|CONSTRUCTOR_ENTRY|[198]|01pj0000003ELju|<init>(Schema.SObjectType)
14:52:23.419 (419158872)|CONSTRUCTOR_EXIT|[198]|01pj0000003ELju|<init>(Schema.SObjectType)
14:52:23.419 (419166610)|METHOD_EXIT|[64]|01pj0000003ELju|fflib_SObjectDescribe.getDescribe(Schema.SObjectType)
14:52:23.419 (419186146)|METHOD_ENTRY|[126]|01pj0000003ELju|fflib_SObjectDescribe.getNameField()
14:52:23.419 (419417432)|CONSTRUCTOR_ENTRY|[70]|01pj0000003ELju|<init>(Map<String,Schema.SObjectField>)
14:52:23.419 (419429724)|CONSTRUCTOR_ENTRY|[292]|01pj0000003ELju|<init>(Map<String,ANY>)
14:52:23.419 (419598108)|CONSTRUCTOR_EXIT|[292]|01pj0000003ELju|<init>(Map<String,ANY>)
14:52:23.419 (419606900)|CONSTRUCTOR_EXIT|[70]|01pj0000003ELju|<init>(Map<String,Schema.SObjectField>)
14:52:23.419 (419626304)|METHOD_ENTRY|[123]|01pj0000003ELju|fflib_SObjectDescribe.FieldsMap.values()
14:52:23.419 (419691949)|METHOD_EXIT|[123]|01pj0000003ELju|fflib_SObjectDescribe.FieldsMap.values()
14:52:23.421 (421272248)|METHOD_EXIT|[126]|01pj0000003ELju|fflib_SObjectDescribe.getNameField()
14:52:23.421 (421293944)|METHOD_ENTRY|[127]|01pj0000003ELju|fflib_SObjectDescribe.getNameField()
14:52:23.421 (421301538)|METHOD_EXIT|[127]|01pj0000003ELju|fflib_SObjectDescribe.getNameField()
14:52:23.421 (421331890)|METHOD_EXIT|[376]|01pj0000003ELjz|fflib_SObjectSelector.getOrderBy()
14:52:23.421 (421448537)|METHOD_ENTRY|[389]|01pj0000003ELjs|fflib_QueryFactory.addOrdering(String, fflib_QueryFactory.SortOrder)
14:52:23.421 (421463331)|METHOD_ENTRY|[445]|01pj0000003ELjs|fflib_QueryFactory.getFieldToken(String)
14:52:23.421 (421501129)|METHOD_ENTRY|[93]|01pj0000003ELju|fflib_SObjectDescribe.getDescribe(Schema.SObjectType)
14:52:23.421 (421609751)|METHOD_EXIT|[93]|01pj0000003ELju|fflib_SObjectDescribe.getDescribe(Schema.SObjectType)
14:52:23.421 (421623595)|METHOD_ENTRY|[93]|01pj0000003ELju|fflib_SObjectDescribe.getField(String)
14:52:23.421 (421639575)|METHOD_ENTRY|[97]|01pj0000003ELju|fflib_SObjectDescribe.getField(String, Boolean)
14:52:23.421 (421691253)|METHOD_ENTRY|[105]|01pj0000003ELju|fflib_SObjectDescribe.FieldsMap.get(String, Boolean)
14:52:23.421 (421701834)|METHOD_ENTRY|[299]|01pj0000003ELju|fflib_SObjectDescribe.NamespacedAttributeMap.getObject(String, Boolean)
14:52:23.421 (421769015)|METHOD_EXIT|[299]|01pj0000003ELju|fflib_SObjectDescribe.NamespacedAttributeMap.getObject(String, Boolean)
14:52:23.421 (421776995)|METHOD_EXIT|[105]|01pj0000003ELju|fflib_SObjectDescribe.FieldsMap.get(String, Boolean)
14:52:23.421 (421783182)|METHOD_EXIT|[97]|01pj0000003ELju|fflib_SObjectDescribe.getField(String, Boolean)
14:52:23.421 (421788238)|METHOD_EXIT|[93]|01pj0000003ELju|fflib_SObjectDescribe.getField(String)
14:52:23.421 (421807255)|CONSTRUCTOR_ENTRY|[98]|01pj0000003ELjs|<init>(Schema.SObjectField)
14:52:23.421 (421835609)|CONSTRUCTOR_EXIT|[98]|01pj0000003ELjs|<init>(Schema.SObjectField)
14:52:23.421 (421843125)|METHOD_EXIT|[445]|01pj0000003ELjs|fflib_QueryFactory.getFieldToken(String)
14:52:23.421 (421852462)|CONSTRUCTOR_ENTRY|[445]|01pj0000003ELjs|<init>(fflib_QueryFactory.QueryField,fflib_QueryFactory.SortOrder)
14:52:23.421 (421863969)|CONSTRUCTOR_ENTRY|[531]|01pj0000003ELjs|<init>(fflib_QueryFactory.QueryField,fflib_QueryFactory.SortOrder,Boolean)
14:52:23.421 (421880208)|CONSTRUCTOR_EXIT|[531]|01pj0000003ELjs|<init>(fflib_QueryFactory.QueryField,fflib_QueryFactory.SortOrder,Boolean)
14:52:23.421 (421887723)|CONSTRUCTOR_EXIT|[445]|01pj0000003ELjs|<init>(fflib_QueryFactory.QueryField,fflib_QueryFactory.SortOrder)
14:52:23.421 (421912251)|METHOD_EXIT|[389]|01pj0000003ELjs|fflib_QueryFactory.addOrdering(String, fflib_QueryFactory.SortOrder)
14:52:23.421 (421935718)|METHOD_EXIT|[290]|01pj0000003ELjz|fflib_SObjectSelector.configureQueryFactory(fflib_QueryFactory, Boolean, Boolean, Boolean)
14:52:23.421 (421942554)|METHOD_EXIT|[280]|01pj0000003ELjz|fflib_SObjectSelector.newQueryFactory(Boolean, Boolean, Boolean)
14:52:23.421 (421948241)|METHOD_EXIT|[34]|01pj0000003ELjz|fflib_SObjectSelector.newQueryFactory(Boolean)
14:52:23.421 (421956649)|METHOD_ENTRY|[34]|01pj0000003ELjs|fflib_QueryFactory.assertIsAccessible()
14:52:23.421 (421974737)|METHOD_ENTRY|[166]|01pj0000003ELk3|fflib_SecurityUtils.checkObjectIsReadable(Schema.SObjectType)
14:52:23.422 (422013333)|METHOD_EXIT|[166]|01pj0000003ELk3|fflib_SecurityUtils.checkObjectIsReadable(Schema.SObjectType)
14:52:23.422 (422026248)|METHOD_EXIT|[34]|01pj0000003ELjs|fflib_QueryFactory.assertIsAccessible()
14:52:23.422 (422044169)|METHOD_ENTRY|[34]|01pj0000003EOBA|t3_Products_Selector.getSObjectFieldList()
14:52:23.422 (422180061)|METHOD_EXIT|[34]|01pj0000003EOBA|t3_Products_Selector.getSObjectFieldList()
14:52:23.422 (422197852)|METHOD_ENTRY|[34]|01pj0000003ELjs|fflib_QueryFactory.selectFields(List<Schema.SObjectField>)
14:52:23.422 (422264500)|CONSTRUCTOR_ENTRY|[254]|01pj0000003ELjs|<init>(Schema.SObjectField)
14:52:23.422 (422304483)|CONSTRUCTOR_EXIT|[254]|01pj0000003ELjs|<init>(Schema.SObjectField)
14:52:23.422 (422332286)|METHOD_ENTRY|[EXTERNAL]|01pj0000003ELjs|fflib_QueryFactory.QueryField.hashCode()
14:52:23.422 (422410894)|METHOD_EXIT|[EXTERNAL]|01pj0000003ELjs|fflib_QueryFactory.QueryField.hashCode()
14:52:23.422 (422455817)|CONSTRUCTOR_ENTRY|[254]|01pj0000003ELjs|<init>(Schema.SObjectField)
14:52:23.422 (422481087)|CONSTRUCTOR_EXIT|[254]|01pj0000003ELjs|<init>(Schema.SObjectField)
14:52:23.422 (422501368)|METHOD_ENTRY|[EXTERNAL]|01pj0000003ELjs|fflib_QueryFactory.QueryField.hashCode()
14:52:23.422 (422571421)|METHOD_EXIT|[EXTERNAL]|01pj0000003ELjs|fflib_QueryFactory.QueryField.hashCode()
14:52:23.422 (422614010)|CONSTRUCTOR_ENTRY|[254]|01pj0000003ELjs|<init>(Schema.SObjectField)
14:52:23.422 (422651640)|CONSTRUCTOR_EXIT|[254]|01pj0000003ELjs|<init>(Schema.SObjectField)
14:52:23.422 (422682801)|METHOD_ENTRY|[EXTERNAL]|01pj0000003ELjs|fflib_QueryFactory.QueryField.hashCode()
14:52:23.422 (422753699)|METHOD_EXIT|[EXTERNAL]|01pj0000003ELjs|fflib_QueryFactory.QueryField.hashCode()
14:52:23.422 (422786375)|METHOD_EXIT|[34]|01pj0000003ELjs|fflib_QueryFactory.selectFields(List<Schema.SObjectField>)
14:52:23.422 (422799328)|METHOD_ENTRY|[34]|01pj0000003ELjs|fflib_QueryFactory.setCondition(String)
14:52:23.422 (422807979)|METHOD_EXIT|[34]|01pj0000003ELjs|fflib_QueryFactory.setCondition(String)
14:52:23.422 (422815403)|METHOD_ENTRY|[34]|01pj0000003ELjs|fflib_QueryFactory.toSOQL()
14:52:23.422 (422941950)|METHOD_ENTRY|[634]|01pj0000003ELjs|fflib_QueryFactory.QueryField.equals(Object)
14:52:23.423 (423060770)|METHOD_EXIT|[634]|01pj0000003ELjs|fflib_QueryFactory.QueryField.equals(Object)
14:52:23.423 (423070686)|METHOD_ENTRY|[637]|01pj0000003ELjs|fflib_QueryFactory.QueryField.toString()
14:52:23.423 (423221470)|METHOD_EXIT|[637]|01pj0000003ELjs|fflib_QueryFactory.QueryField.toString()
14:52:23.423 (423228853)|METHOD_ENTRY|[637]|01pj0000003ELjs|fflib_QueryFactory.QueryField.toString()
14:52:23.423 (423419082)|METHOD_EXIT|[637]|01pj0000003ELjs|fflib_QueryFactory.QueryField.toString()
14:52:23.423 (423517433)|METHOD_ENTRY|[634]|01pj0000003ELjs|fflib_QueryFactory.QueryField.equals(Object)
14:52:23.423 (423624073)|METHOD_EXIT|[634]|01pj0000003ELjs|fflib_QueryFactory.QueryField.equals(Object)
14:52:23.423 (423632621)|METHOD_ENTRY|[637]|01pj0000003ELjs|fflib_QueryFactory.QueryField.toString()
14:52:23.423 (423773041)|METHOD_EXIT|[637]|01pj0000003ELjs|fflib_QueryFactory.QueryField.toString()
14:52:23.423 (423784416)|METHOD_ENTRY|[637]|01pj0000003ELjs|fflib_QueryFactory.QueryField.toString()
14:52:23.423 (423966764)|METHOD_EXIT|[637]|01pj0000003ELjs|fflib_QueryFactory.QueryField.toString()
14:52:23.424 (424762531)|METHOD_ENTRY|[499]|01pj0000003ELjs|fflib_QueryFactory.Ordering.toSOQL()
14:52:23.424 (424976376)|METHOD_EXIT|[499]|01pj0000003ELjs|fflib_QueryFactory.Ordering.toSOQL()
14:52:23.425 (425034511)|METHOD_EXIT|[34]|01pj0000003ELjs|fflib_QueryFactory.toSOQL()
14:52:23.425 (425279499)|SOQL_EXECUTE_BEGIN|[40]|Aggregations:0|SELECT Id, Inventory__c, Name FROM Product__c WHERE id in :ids ORDER BY Name ASC NULLS FIRST 
14:52:23.428 (428148958)|SOQL_EXECUTE_END|[40]|Rows:1
14:52:23.428 (428220892)|METHOD_EXIT|[17]|01pj0000003EOBA|t3_Products_Selector.selectFromInvoices(List<Invoice__c>)
14:52:23.428 (428239812)|METHOD_ENTRY|[19]|01pj0000003ELjo|fflib_Application.DomainFactory.newInstance(List<SObject>)
14:52:23.428 (428430234)|USER_DEBUG|[285]|DEBUG|t3_Products.Constructor
14:52:23.428 (428588544)|METHOD_ENTRY|[289]|01pj0000003ENgk|t3_Products.Constructor.construct(List<SObject>)
14:52:23.432 (432262487)|METHOD_ENTRY|[1]|01pj0000003ENgk|t3_Products.t3_Products()
14:52:23.432 (432281850)|METHOD_EXIT|[1]|t3_Products
14:52:23.432 (432328505)|CONSTRUCTOR_ENTRY|[29]|01pj0000003ENgk|<init>(List<Product__c>)
14:52:23.432 (432383325)|CONSTRUCTOR_ENTRY|[10]|01pj0000003ELjw|<init>(List<SObject>)
14:52:23.432 (432575610)|CONSTRUCTOR_ENTRY|[93]|01pj0000003ELjw|<init>()
14:52:23.432 (432619028)|CONSTRUCTOR_EXIT|[93]|01pj0000003ELjw|<init>()
14:52:23.432 (432641304)|CONSTRUCTOR_EXIT|[10]|01pj0000003ELjw|<init>(List<SObject>)
14:52:23.432 (432651682)|CONSTRUCTOR_EXIT|[29]|01pj0000003ENgk|<init>(List<Product__c>)
14:52:23.432 (432658440)|METHOD_EXIT|[289]|01pj0000003ENgk|t3_Products.Constructor.construct(List<SObject>)
14:52:23.432 (432668259)|METHOD_EXIT|[19]|01pj0000003ELjo|fflib_Application.DomainFactory.newInstance(List<SObject>)
14:52:23.432 (432687031)|METHOD_ENTRY|[21]|01pj0000003ENkx|t3_Invoices.getAmountsByProducto()
14:52:23.433 (433002579)|METHOD_EXIT|[21]|01pj0000003ENkx|t3_Invoices.getAmountsByProducto()
14:52:23.433 (433033222)|METHOD_ENTRY|[21]|01pj0000003ENgk|t3_Products.updateInventory(fflib_ISObjectUnitOfWork, Map<Id,Decimal>)
14:52:23.433 (433247795)|USER_DEBUG|[17]|DEBUG|Product__c:{Name=P1, Id=a00j0000005OcSJAA0, Inventory__c=100}
14:52:23.433 (433306212)|USER_DEBUG|[18]|DEBUG|1
14:52:23.433 (433485626)|METHOD_ENTRY|[20]|01pj0000003ELk1|fflib_SObjectUnitOfWork.registerDirty(SObject)
14:52:23.433 (433625396)|METHOD_EXIT|[20]|01pj0000003ELk1|fflib_SObjectUnitOfWork.registerDirty(SObject)
14:52:23.433 (433650104)|METHOD_EXIT|[21]|01pj0000003ENgk|t3_Products.updateInventory(fflib_ISObjectUnitOfWork, Map<Id,Decimal>)
14:52:23.433 (433661142)|METHOD_ENTRY|[23]|01pj0000003ELk1|fflib_SObjectUnitOfWork.commitWork()
14:52:23.434 (434219564)|SAVEPOINT_SET|[226]|SavepointValue0
14:52:23.434 (434398663)|METHOD_ENTRY|[232]|01pj0000003ELk1|fflib_SObjectUnitOfWork.Relationships.resolve()
14:52:23.434 (434502911)|METHOD_EXIT|[232]|01pj0000003ELk1|fflib_SObjectUnitOfWork.Relationships.resolve()
14:52:23.434 (434609438)|METHOD_ENTRY|[233]|01pj0000003ELk1|fflib_SObjectUnitOfWork.SimpleDML.dmlInsert(List<SObject>)
14:52:23.434 (434712273)|METHOD_EXIT|[233]|01pj0000003ELk1|fflib_SObjectUnitOfWork.SimpleDML.dmlInsert(List<SObject>)
14:52:23.434 (434790842)|METHOD_ENTRY|[232]|01pj0000003ELk1|fflib_SObjectUnitOfWork.Relationships.resolve()
14:52:23.434 (434822346)|METHOD_EXIT|[232]|01pj0000003ELk1|fflib_SObjectUnitOfWork.Relationships.resolve()
14:52:23.434 (434871156)|METHOD_ENTRY|[233]|01pj0000003ELk1|fflib_SObjectUnitOfWork.SimpleDML.dmlInsert(List<SObject>)
14:52:23.434 (434898246)|METHOD_EXIT|[233]|01pj0000003ELk1|fflib_SObjectUnitOfWork.SimpleDML.dmlInsert(List<SObject>)
14:52:23.435 (435049768)|METHOD_ENTRY|[237]|01pj0000003ELk1|fflib_SObjectUnitOfWork.SimpleDML.dmlUpdate(List<SObject>)
14:52:23.435 (435083061)|DML_BEGIN|[94]|Op:Update|Type:SObject|Rows:1
14:52:23.452 (452896642)|DML_END|[94]
14:52:23.452 (452945593)|METHOD_EXIT|[237]|01pj0000003ELk1|fflib_SObjectUnitOfWork.SimpleDML.dmlUpdate(List<SObject>)
14:52:23.453 (453087491)|METHOD_ENTRY|[237]|01pj0000003ELk1|fflib_SObjectUnitOfWork.SimpleDML.dmlUpdate(List<SObject>)
14:52:23.453 (453116070)|DML_BEGIN|[94]|Op:Update|Type:SObject|Rows:1
14:52:23.468 (468901639)|DML_END|[94]
14:52:23.468 (468966260)|METHOD_EXIT|[237]|01pj0000003ELk1|fflib_SObjectUnitOfWork.SimpleDML.dmlUpdate(List<SObject>)
14:52:23.469 (469174959)|METHOD_ENTRY|[241]|01pj0000003ELk1|fflib_SObjectUnitOfWork.SimpleDML.dmlDelete(List<SObject>)
14:52:23.469 (469263083)|METHOD_EXIT|[241]|01pj0000003ELk1|fflib_SObjectUnitOfWork.SimpleDML.dmlDelete(List<SObject>)
14:52:23.469 (469339082)|METHOD_ENTRY|[241]|01pj0000003ELk1|fflib_SObjectUnitOfWork.SimpleDML.dmlDelete(List<SObject>)
14:52:23.469 (469369166)|METHOD_EXIT|[241]|01pj0000003ELk1|fflib_SObjectUnitOfWork.SimpleDML.dmlDelete(List<SObject>)
14:52:23.469 (469590662)|METHOD_ENTRY|[244]|01pj0000003ELk1|fflib_SObjectUnitOfWork.SendEmailWork.doWork()
14:52:23.469 (469646975)|METHOD_EXIT|[244]|01pj0000003ELk1|fflib_SObjectUnitOfWork.SendEmailWork.doWork()
14:52:23.469 (469669290)|METHOD_EXIT|[23]|01pj0000003ELk1|fflib_SObjectUnitOfWork.commitWork()
14:52:23.469 (469676278)|METHOD_EXIT|[9]|01pj0000003ETen|t3_Invoice_ServiceImpl.activateInvoices(Set<Id>)
14:52:23.730 (472147962)|CUMULATIVE_LIMIT_USAGE
14:52:23.730|LIMIT_USAGE_FOR_NS|(default)|
  Number of SOQL queries: 2 out of 100
  Number of query rows: 2 out of 50000
  Number of SOSL queries: 0 out of 20
  Number of DML statements: 5 out of 150
  Number of DML rows: 5 out of 10000
  Maximum CPU time: 0 out of 10000
  Maximum heap size: 0 out of 6000000
  Number of callouts: 0 out of 100
  Number of Email Invocations: 0 out of 10
  Number of future calls: 0 out of 50
  Number of queueable jobs added to the queue: 0 out of 50
  Number of Mobile Apex push calls: 0 out of 10

14:52:23.730|CUMULATIVE_LIMIT_USAGE_END

14:52:23.472 (472179041)|CODE_UNIT_FINISHED|execute_anonymous_apex
14:52:23.474 (474539140)|EXECUTION_FINISHED