Execute Anonymous

================================

Product__c p = new Product__c( Name='P1', Inventory__c= 100 );

insert p ;

Invoice__c i = new Invoice__c(  Amount__c=1 );
insert i;

t3_Invoice_ServiceImpl.activateInvoices( new Set<Id>{i.id} );

================================

31.0 APEX_CODE,DEBUG;APEX_PROFILING,DEBUG;CALLOUT,INFO;DB,INFO;VALIDATION,INFO;WORKFLOW,INFO
Execute Anonymous: Product__c p = new Product__c( Name='P1', Inventory__c= 100 );
Execute Anonymous: 
Execute Anonymous: insert p ;
Execute Anonymous: 
Execute Anonymous: Invoice__c i = new Invoice__c(  Amount__c=1 );
Execute Anonymous: insert i;
Execute Anonymous: 
Execute Anonymous: t3_Invoice_ServiceImpl.activateInvoices( new Set<Id>{i.id} );
09:03:21.174 (174343765)|EXECUTION_STARTED
09:03:21.174 (174355859)|CODE_UNIT_STARTED|[EXTERNAL]|execute_anonymous_apex
09:03:21.175 (175259514)|DML_BEGIN|[3]|Op:Insert|Type:Product__c|Rows:1
09:03:21.462 (462601803)|DML_END|[3]
09:03:21.462 (462843508)|DML_BEGIN|[6]|Op:Insert|Type:Invoice__c|Rows:1
09:03:21.518 (518319426)|DML_END|[6]
09:03:21.523 (523495712)|METHOD_ENTRY|[1]|01pj0000003ETen|t3_Invoice_ServiceImpl.t3_Invoice_ServiceImpl()
09:03:21.523 (523514090)|METHOD_EXIT|[1]|t3_Invoice_ServiceImpl
09:03:21.523 (523550926)|METHOD_ENTRY|[8]|01pj0000003ETen|t3_Invoice_ServiceImpl.activateInvoices(Set<Id>)
09:03:21.523 (523569924)|METHOD_EXIT|[8]|01pj0000003ETen|t3_Invoice_ServiceImpl.activateInvoices(Set<Id>)
09:03:21.842 (527939968)|CUMULATIVE_LIMIT_USAGE
09:03:21.842|LIMIT_USAGE_FOR_NS|(default)|
  Number of SOQL queries: 0 out of 100
  Number of query rows: 0 out of 50000
  Number of SOSL queries: 0 out of 20
  Number of DML statements: 2 out of 150
  Number of DML rows: 2 out of 10000
  Maximum CPU time: 0 out of 10000
  Maximum heap size: 0 out of 6000000
  Number of callouts: 0 out of 100
  Number of Email Invocations: 0 out of 10
  Number of future calls: 0 out of 50
  Number of queueable jobs added to the queue: 0 out of 50
  Number of Mobile Apex push calls: 0 out of 10

09:03:21.842|CUMULATIVE_LIMIT_USAGE_END

09:03:21.527 (527986090)|CODE_UNIT_FINISHED|execute_anonymous_apex
09:03:21.529 (529575132)|EXECUTION_FINISHED