Execute Anonymous

================================

Product__c p = new Product__c( Name='P1', Inventory__c= 100 );

insert p ;

Invoice__c i = new Invoice__c(  Amount__c=1);
i.ProductLine__c = p.id;
insert i;

t3_Invoice_ServiceImpl.activateInvoices( new Set<Id>{i.id} );

================================

31.0 APEX_CODE,DEBUG;APEX_PROFILING,DEBUG;CALLOUT,INFO;DB,INFO;VALIDATION,INFO;WORKFLOW,INFO
Execute Anonymous: Product__c p = new Product__c( Name='P1', Inventory__c= 100 );
Execute Anonymous: 
Execute Anonymous: insert p ;
Execute Anonymous: 
Execute Anonymous: Invoice__c i = new Invoice__c(  Amount__c=1);
Execute Anonymous: i.ProductLine__c = p.id;
Execute Anonymous: insert i;
Execute Anonymous: 
Execute Anonymous: t3_Invoice_ServiceImpl.activateInvoices( new Set<Id>{i.id} );
14:51:49.475 (475697043)|EXECUTION_STARTED
14:51:49.475 (475708297)|CODE_UNIT_STARTED|[EXTERNAL]|execute_anonymous_apex
14:51:49.476 (476554916)|DML_BEGIN|[3]|Op:Insert|Type:Product__c|Rows:1
14:51:49.522 (522629516)|DML_END|[3]
14:51:49.523 (523044696)|DML_BEGIN|[7]|Op:Insert|Type:Invoice__c|Rows:1
14:51:49.591 (591189964)|DML_END|[7]
14:51:49.598 (598437821)|METHOD_ENTRY|[1]|01pj0000003ETen|t3_Invoice_ServiceImpl.t3_Invoice_ServiceImpl()
14:51:49.598 (598453697)|METHOD_EXIT|[1]|t3_Invoice_ServiceImpl
14:51:49.598 (598486433)|METHOD_ENTRY|[9]|01pj0000003ETen|t3_Invoice_ServiceImpl.activateInvoices(Set<Id>)
14:51:49.608 (608061521)|METHOD_ENTRY|[1]|01pj0000003ENtX|t3_Application.t3_Application()
14:51:49.634 (634820740)|CONSTRUCTOR_ENTRY|[24]|01pj0000003ELjo|<init>(List<Schema.SObjectType>)
14:51:49.634 (634923954)|CONSTRUCTOR_EXIT|[24]|01pj0000003ELjo|<init>(List<Schema.SObjectType>)
14:51:49.642 (642960252)|CONSTRUCTOR_ENTRY|[27]|01pj0000003ELjo|<init>(Map<Schema.SObjectType,system.Type>)
14:51:49.643 (643043977)|CONSTRUCTOR_EXIT|[27]|01pj0000003ELjo|<init>(Map<Schema.SObjectType,system.Type>)
14:51:49.648 (648106245)|CONSTRUCTOR_ENTRY|[30]|01pj0000003ELjo|<init>(fflib_Application.SelectorFactory,Map<Schema.SObjectType,system.Type>)
14:51:49.648 (648187718)|CONSTRUCTOR_EXIT|[30]|01pj0000003ELjo|<init>(fflib_Application.SelectorFactory,Map<Schema.SObjectType,system.Type>)
14:51:49.651 (651886869)|CONSTRUCTOR_ENTRY|[33]|01pj0000003ELjo|<init>(Map<system.Type,system.Type>)
14:51:49.651 (651963638)|CONSTRUCTOR_EXIT|[33]|01pj0000003ELjo|<init>(Map<system.Type,system.Type>)
14:51:49.651 (651986955)|METHOD_EXIT|[1]|t3_Application
14:51:49.652 (652019116)|METHOD_ENTRY|[7]|01pj0000003ELjo|fflib_Application.UnitOfWorkFactory.newInstance()
14:51:49.671 (671324068)|METHOD_ENTRY|[54]|01pj0000003ELk1|fflib_SObjectUnitOfWork.fflib_SObjectUnitOfWork()
14:51:49.671 (671345405)|METHOD_EXIT|[54]|fflib_SObjectUnitOfWork
14:51:49.677 (677313465)|CONSTRUCTOR_ENTRY|[62]|01pj0000003ELk1|<init>(List<Schema.SObjectType>)
14:51:49.678 (678051249)|CONSTRUCTOR_ENTRY|[107]|01pj0000003ELk1|<init>()
14:51:49.678 (678105855)|CONSTRUCTOR_EXIT|[107]|01pj0000003ELk1|<init>()
14:51:49.678 (678121387)|CONSTRUCTOR_ENTRY|[107]|01pj0000003ELk1|<init>(List<Schema.SObjectType>,fflib_SObjectUnitOfWork.IDML)
14:51:49.678 (678301022)|CONSTRUCTOR_ENTRY|[69]|01pj0000003ELk1|<init>()
14:51:49.678 (678378780)|CONSTRUCTOR_EXIT|[69]|01pj0000003ELk1|<init>()
14:51:49.680 (680562943)|CONSTRUCTOR_ENTRY|[120]|01pj0000003ELk1|<init>()
14:51:49.680 (680645945)|CONSTRUCTOR_EXIT|[120]|01pj0000003ELk1|<init>()
14:51:49.681 (681438809)|CONSTRUCTOR_ENTRY|[120]|01pj0000003ELk1|<init>()
14:51:49.681 (681460080)|CONSTRUCTOR_EXIT|[120]|01pj0000003ELk1|<init>()
14:51:49.681 (681559019)|CONSTRUCTOR_EXIT|[107]|01pj0000003ELk1|<init>(List<Schema.SObjectType>,fflib_SObjectUnitOfWork.IDML)
14:51:49.681 (681569409)|CONSTRUCTOR_EXIT|[62]|01pj0000003ELk1|<init>(List<Schema.SObjectType>)
14:51:49.681 (681577238)|METHOD_EXIT|[7]|01pj0000003ELjo|fflib_Application.UnitOfWorkFactory.newInstance()
14:51:49.681 (681615595)|METHOD_ENTRY|[9]|01pj0000003ELjo|fflib_Application.SelectorFactory.selectById(Set<Id>)
14:51:49.681 (681967744)|METHOD_ENTRY|[186]|01pj0000003ELjo|fflib_Application.SelectorFactory.newInstance(Schema.SObjectType)
14:51:49.693 (693328462)|METHOD_ENTRY|[13]|01pj0000003ETje|t3_Invoice_Selector.t3_Invoice_Selector()
14:51:49.693 (693352272)|METHOD_EXIT|[13]|t3_Invoice_Selector
14:51:49.700 (700182480)|METHOD_ENTRY|[30]|01pj0000003ELjz|fflib_SObjectSelector.fflib_SObjectSelector()
14:51:49.700 (700303803)|METHOD_EXIT|[30]|fflib_SObjectSelector
14:51:49.700 (700324557)|CONSTRUCTOR_ENTRY|[EXTERNAL]|01pj0000003ELjz|<init>()
14:51:49.700 (700344841)|CONSTRUCTOR_ENTRY|[85]|01pj0000003ELjz|<init>(Boolean)
14:51:49.700 (700413835)|CONSTRUCTOR_ENTRY|[95]|01pj0000003ELjz|<init>(Boolean,Boolean,Boolean)
14:51:49.700 (700460750)|CONSTRUCTOR_EXIT|[95]|01pj0000003ELjz|<init>(Boolean,Boolean,Boolean)
14:51:49.700 (700470621)|CONSTRUCTOR_EXIT|[85]|01pj0000003ELjz|<init>(Boolean)
14:51:49.700 (700477877)|CONSTRUCTOR_EXIT|[EXTERNAL]|01pj0000003ELjz|<init>()
14:51:49.700 (700512561)|METHOD_EXIT|[186]|01pj0000003ELjo|fflib_Application.SelectorFactory.newInstance(Schema.SObjectType)
14:51:49.700 (700551798)|METHOD_ENTRY|[186]|01pj0000003ELjz|fflib_SObjectSelector.selectSObjectsById(Set<Id>)
14:51:49.700 (700568852)|METHOD_ENTRY|[221]|01pj0000003ELjz|fflib_SObjectSelector.buildQuerySObjectById()
14:51:49.700 (700596263)|METHOD_ENTRY|[338]|01pj0000003ELjz|fflib_SObjectSelector.newQueryFactory()
14:51:49.717 (717202433)|METHOD_ENTRY|[272]|01pj0000003ELjz|fflib_SObjectSelector.newQueryFactory(Boolean, Boolean, Boolean)
14:51:49.717 (717341669)|METHOD_ENTRY|[55]|01pj0000003ELjs|fflib_QueryFactory.fflib_QueryFactory()
14:51:49.717 (717356030)|METHOD_EXIT|[55]|fflib_QueryFactory
14:51:49.722 (722255667)|METHOD_ENTRY|[290]|01pj0000003ELjz|fflib_SObjectSelector.getSObjectType2()
14:51:49.722 (722311389)|METHOD_ENTRY|[255]|01pj0000003ETje|t3_Invoice_Selector.getSObjectType()
14:51:49.722 (722363172)|METHOD_EXIT|[255]|01pj0000003ETje|t3_Invoice_Selector.getSObjectType()
14:51:49.722 (722370113)|METHOD_EXIT|[290]|01pj0000003ELjz|fflib_SObjectSelector.getSObjectType2()
14:51:49.722 (722392557)|CONSTRUCTOR_ENTRY|[290]|01pj0000003ELjs|<init>(Schema.SObjectType)
14:51:49.722 (722616079)|CONSTRUCTOR_EXIT|[290]|01pj0000003ELjs|<init>(Schema.SObjectType)
14:51:49.722 (722633327)|METHOD_ENTRY|[290]|01pj0000003ELjz|fflib_SObjectSelector.configureQueryFactory(fflib_QueryFactory, Boolean, Boolean, Boolean)
14:51:49.722 (722662669)|METHOD_ENTRY|[351]|01pj0000003ELjs|fflib_QueryFactory.assertIsAccessible()
14:51:49.727 (727904952)|METHOD_ENTRY|[31]|01pj0000003ELk3|fflib_SecurityUtils.fflib_SecurityUtils()
14:51:49.727 (727930379)|METHOD_EXIT|[31]|fflib_SecurityUtils
14:51:49.727 (727963605)|METHOD_ENTRY|[166]|01pj0000003ELk3|fflib_SecurityUtils.checkObjectIsReadable(Schema.SObjectType)
14:51:49.728 (728086003)|METHOD_EXIT|[166]|01pj0000003ELk3|fflib_SecurityUtils.checkObjectIsReadable(Schema.SObjectType)
14:51:49.728 (728094817)|METHOD_EXIT|[351]|01pj0000003ELjs|fflib_QueryFactory.assertIsAccessible()
14:51:49.728 (728112833)|METHOD_ENTRY|[358]|01pj0000003ELjs|fflib_QueryFactory.setEnforceFLS(Boolean)
14:51:49.728 (728138496)|METHOD_EXIT|[358]|01pj0000003ELjs|fflib_QueryFactory.setEnforceFLS(Boolean)
14:51:49.728 (728159686)|METHOD_ENTRY|[364]|01pj0000003ETje|t3_Invoice_Selector.getSObjectFieldList()
14:51:49.728 (728331605)|METHOD_EXIT|[364]|01pj0000003ETje|t3_Invoice_Selector.getSObjectFieldList()
14:51:49.728 (728363666)|METHOD_ENTRY|[364]|01pj0000003ELjs|fflib_QueryFactory.selectFields(Set<Schema.SObjectField>)
14:51:49.728 (728542395)|CONSTRUCTOR_ENTRY|[239]|01pj0000003ELjs|<init>(Schema.SObjectField)
14:51:49.728 (728613692)|CONSTRUCTOR_EXIT|[239]|01pj0000003ELjs|<init>(Schema.SObjectField)
14:51:49.728 (728669476)|METHOD_ENTRY|[EXTERNAL]|01pj0000003ELjs|fflib_QueryFactory.QueryField.hashCode()
14:51:49.728 (728821509)|METHOD_EXIT|[EXTERNAL]|01pj0000003ELjs|fflib_QueryFactory.QueryField.hashCode()
14:51:49.728 (728867022)|CONSTRUCTOR_ENTRY|[239]|01pj0000003ELjs|<init>(Schema.SObjectField)
14:51:49.728 (728892559)|CONSTRUCTOR_EXIT|[239]|01pj0000003ELjs|<init>(Schema.SObjectField)
14:51:49.728 (728912153)|METHOD_ENTRY|[EXTERNAL]|01pj0000003ELjs|fflib_QueryFactory.QueryField.hashCode()
14:51:49.728 (728980496)|METHOD_EXIT|[EXTERNAL]|01pj0000003ELjs|fflib_QueryFactory.QueryField.hashCode()
14:51:49.729 (729027164)|CONSTRUCTOR_ENTRY|[239]|01pj0000003ELjs|<init>(Schema.SObjectField)
14:51:49.729 (729052830)|CONSTRUCTOR_EXIT|[239]|01pj0000003ELjs|<init>(Schema.SObjectField)
14:51:49.729 (729072327)|METHOD_ENTRY|[EXTERNAL]|01pj0000003ELjs|fflib_QueryFactory.QueryField.hashCode()
14:51:49.729 (729139699)|METHOD_EXIT|[EXTERNAL]|01pj0000003ELjs|fflib_QueryFactory.QueryField.hashCode()
14:51:49.729 (729180725)|CONSTRUCTOR_ENTRY|[239]|01pj0000003ELjs|<init>(Schema.SObjectField)
14:51:49.729 (729204456)|CONSTRUCTOR_EXIT|[239]|01pj0000003ELjs|<init>(Schema.SObjectField)
14:51:49.729 (729223278)|METHOD_ENTRY|[EXTERNAL]|01pj0000003ELjs|fflib_QueryFactory.QueryField.hashCode()
14:51:49.729 (729289646)|METHOD_EXIT|[EXTERNAL]|01pj0000003ELjs|fflib_QueryFactory.QueryField.hashCode()
14:51:49.729 (729320307)|METHOD_EXIT|[364]|01pj0000003ELjs|fflib_QueryFactory.selectFields(Set<Schema.SObjectField>)
14:51:49.729 (729411032)|METHOD_ENTRY|[376]|01pj0000003ELjz|fflib_SObjectSelector.getOrderBy()
14:51:49.729 (729459068)|METHOD_ENTRY|[64]|01pj0000003ETje|t3_Invoice_Selector.getSObjectType()
14:51:49.729 (729488049)|METHOD_EXIT|[64]|01pj0000003ETje|t3_Invoice_Selector.getSObjectType()
14:51:49.732 (732897562)|METHOD_ENTRY|[39]|01pj0000003ELju|fflib_SObjectDescribe.fflib_SObjectDescribe()
14:51:49.732 (732914454)|METHOD_EXIT|[39]|fflib_SObjectDescribe
14:51:49.732 (732943867)|METHOD_ENTRY|[64]|01pj0000003ELju|fflib_SObjectDescribe.getDescribe(Schema.SObjectType)
14:51:49.733 (733497759)|CONSTRUCTOR_ENTRY|[198]|01pj0000003ELju|<init>(Schema.SObjectType)
14:51:49.733 (733664498)|CONSTRUCTOR_EXIT|[198]|01pj0000003ELju|<init>(Schema.SObjectType)
14:51:49.733 (733672844)|METHOD_EXIT|[64]|01pj0000003ELju|fflib_SObjectDescribe.getDescribe(Schema.SObjectType)
14:51:49.733 (733713721)|METHOD_ENTRY|[126]|01pj0000003ELju|fflib_SObjectDescribe.getNameField()
14:51:49.734 (734120542)|CONSTRUCTOR_ENTRY|[70]|01pj0000003ELju|<init>(Map<String,Schema.SObjectField>)
14:51:49.734 (734149802)|CONSTRUCTOR_ENTRY|[292]|01pj0000003ELju|<init>(Map<String,ANY>)
14:51:49.734 (734372592)|CONSTRUCTOR_EXIT|[292]|01pj0000003ELju|<init>(Map<String,ANY>)
14:51:49.734 (734380526)|CONSTRUCTOR_EXIT|[70]|01pj0000003ELju|<init>(Map<String,Schema.SObjectField>)
14:51:49.734 (734422848)|METHOD_ENTRY|[123]|01pj0000003ELju|fflib_SObjectDescribe.FieldsMap.values()
14:51:49.734 (734506617)|METHOD_EXIT|[123]|01pj0000003ELju|fflib_SObjectDescribe.FieldsMap.values()
14:51:49.736 (736243992)|METHOD_EXIT|[126]|01pj0000003ELju|fflib_SObjectDescribe.getNameField()
14:51:49.736 (736279325)|METHOD_ENTRY|[127]|01pj0000003ELju|fflib_SObjectDescribe.getNameField()
14:51:49.736 (736287315)|METHOD_EXIT|[127]|01pj0000003ELju|fflib_SObjectDescribe.getNameField()
14:51:49.736 (736324456)|METHOD_EXIT|[376]|01pj0000003ELjz|fflib_SObjectSelector.getOrderBy()
14:51:49.738 (738715467)|METHOD_ENTRY|[389]|01pj0000003ELjs|fflib_QueryFactory.addOrdering(String, fflib_QueryFactory.SortOrder)
14:51:49.738 (738763883)|METHOD_ENTRY|[445]|01pj0000003ELjs|fflib_QueryFactory.getFieldToken(String)
14:51:49.738 (738836224)|METHOD_ENTRY|[93]|01pj0000003ELju|fflib_SObjectDescribe.getDescribe(Schema.SObjectType)
14:51:49.738 (738910675)|METHOD_EXIT|[93]|01pj0000003ELju|fflib_SObjectDescribe.getDescribe(Schema.SObjectType)
14:51:49.738 (738923605)|METHOD_ENTRY|[93]|01pj0000003ELju|fflib_SObjectDescribe.getField(String)
14:51:49.738 (738937815)|METHOD_ENTRY|[97]|01pj0000003ELju|fflib_SObjectDescribe.getField(String, Boolean)
14:51:49.739 (739028658)|METHOD_ENTRY|[105]|01pj0000003ELju|fflib_SObjectDescribe.FieldsMap.get(String, Boolean)
14:51:49.739 (739054988)|METHOD_ENTRY|[299]|01pj0000003ELju|fflib_SObjectDescribe.NamespacedAttributeMap.getObject(String, Boolean)
14:51:49.739 (739172359)|METHOD_EXIT|[299]|01pj0000003ELju|fflib_SObjectDescribe.NamespacedAttributeMap.getObject(String, Boolean)
14:51:49.739 (739180558)|METHOD_EXIT|[105]|01pj0000003ELju|fflib_SObjectDescribe.FieldsMap.get(String, Boolean)
14:51:49.739 (739186145)|METHOD_EXIT|[97]|01pj0000003ELju|fflib_SObjectDescribe.getField(String, Boolean)
14:51:49.739 (739190386)|METHOD_EXIT|[93]|01pj0000003ELju|fflib_SObjectDescribe.getField(String)
14:51:49.739 (739214590)|CONSTRUCTOR_ENTRY|[98]|01pj0000003ELjs|<init>(Schema.SObjectField)
14:51:49.739 (739258840)|CONSTRUCTOR_EXIT|[98]|01pj0000003ELjs|<init>(Schema.SObjectField)
14:51:49.739 (739266509)|METHOD_EXIT|[445]|01pj0000003ELjs|fflib_QueryFactory.getFieldToken(String)
14:51:49.739 (739296288)|CONSTRUCTOR_ENTRY|[445]|01pj0000003ELjs|<init>(fflib_QueryFactory.QueryField,fflib_QueryFactory.SortOrder)
14:51:49.739 (739312436)|CONSTRUCTOR_ENTRY|[531]|01pj0000003ELjs|<init>(fflib_QueryFactory.QueryField,fflib_QueryFactory.SortOrder,Boolean)
14:51:49.739 (739361029)|CONSTRUCTOR_EXIT|[531]|01pj0000003ELjs|<init>(fflib_QueryFactory.QueryField,fflib_QueryFactory.SortOrder,Boolean)
14:51:49.739 (739368671)|CONSTRUCTOR_EXIT|[445]|01pj0000003ELjs|<init>(fflib_QueryFactory.QueryField,fflib_QueryFactory.SortOrder)
14:51:49.739 (739400901)|METHOD_EXIT|[389]|01pj0000003ELjs|fflib_QueryFactory.addOrdering(String, fflib_QueryFactory.SortOrder)
14:51:49.739 (739426543)|METHOD_EXIT|[290]|01pj0000003ELjz|fflib_SObjectSelector.configureQueryFactory(fflib_QueryFactory, Boolean, Boolean, Boolean)
14:51:49.739 (739433620)|METHOD_EXIT|[272]|01pj0000003ELjz|fflib_SObjectSelector.newQueryFactory(Boolean, Boolean, Boolean)
14:51:49.739 (739439186)|METHOD_EXIT|[338]|01pj0000003ELjz|fflib_SObjectSelector.newQueryFactory()
14:51:49.739 (739454848)|METHOD_ENTRY|[338]|01pj0000003ELjs|fflib_QueryFactory.setCondition(String)
14:51:49.739 (739465890)|METHOD_EXIT|[338]|01pj0000003ELjs|fflib_QueryFactory.setCondition(String)
14:51:49.739 (739474469)|METHOD_ENTRY|[338]|01pj0000003ELjs|fflib_QueryFactory.toSOQL()
14:51:49.739 (739731510)|METHOD_ENTRY|[634]|01pj0000003ELjs|fflib_QueryFactory.QueryField.equals(Object)
14:51:49.739 (739866794)|METHOD_EXIT|[634]|01pj0000003ELjs|fflib_QueryFactory.QueryField.equals(Object)
14:51:49.739 (739877465)|METHOD_ENTRY|[637]|01pj0000003ELjs|fflib_QueryFactory.QueryField.toString()
14:51:49.740 (740128017)|METHOD_EXIT|[637]|01pj0000003ELjs|fflib_QueryFactory.QueryField.toString()
14:51:49.740 (740137232)|METHOD_ENTRY|[637]|01pj0000003ELjs|fflib_QueryFactory.QueryField.toString()
14:51:49.740 (740278360)|METHOD_EXIT|[637]|01pj0000003ELjs|fflib_QueryFactory.QueryField.toString()
14:51:49.740 (740352512)|METHOD_ENTRY|[634]|01pj0000003ELjs|fflib_QueryFactory.QueryField.equals(Object)
14:51:49.740 (740448209)|METHOD_EXIT|[634]|01pj0000003ELjs|fflib_QueryFactory.QueryField.equals(Object)
14:51:49.740 (740456054)|METHOD_ENTRY|[637]|01pj0000003ELjs|fflib_QueryFactory.QueryField.toString()
14:51:49.740 (740601606)|METHOD_EXIT|[637]|01pj0000003ELjs|fflib_QueryFactory.QueryField.toString()
14:51:49.740 (740608205)|METHOD_ENTRY|[637]|01pj0000003ELjs|fflib_QueryFactory.QueryField.toString()
14:51:49.740 (740743708)|METHOD_EXIT|[637]|01pj0000003ELjs|fflib_QueryFactory.QueryField.toString()
14:51:49.740 (740810333)|METHOD_ENTRY|[634]|01pj0000003ELjs|fflib_QueryFactory.QueryField.equals(Object)
14:51:49.740 (740908745)|METHOD_EXIT|[634]|01pj0000003ELjs|fflib_QueryFactory.QueryField.equals(Object)
14:51:49.740 (740916688)|METHOD_ENTRY|[637]|01pj0000003ELjs|fflib_QueryFactory.QueryField.toString()
14:51:49.741 (741061545)|METHOD_EXIT|[637]|01pj0000003ELjs|fflib_QueryFactory.QueryField.toString()
14:51:49.741 (741069600)|METHOD_ENTRY|[637]|01pj0000003ELjs|fflib_QueryFactory.QueryField.toString()
14:51:49.741 (741299064)|METHOD_EXIT|[637]|01pj0000003ELjs|fflib_QueryFactory.QueryField.toString()
14:51:49.741 (741367298)|METHOD_ENTRY|[634]|01pj0000003ELjs|fflib_QueryFactory.QueryField.equals(Object)
14:51:49.741 (741459516)|METHOD_EXIT|[634]|01pj0000003ELjs|fflib_QueryFactory.QueryField.equals(Object)
14:51:49.741 (741467126)|METHOD_ENTRY|[637]|01pj0000003ELjs|fflib_QueryFactory.QueryField.toString()
14:51:49.741 (741610794)|METHOD_EXIT|[637]|01pj0000003ELjs|fflib_QueryFactory.QueryField.toString()
14:51:49.741 (741617329)|METHOD_ENTRY|[637]|01pj0000003ELjs|fflib_QueryFactory.QueryField.toString()
14:51:49.741 (741751022)|METHOD_EXIT|[637]|01pj0000003ELjs|fflib_QueryFactory.QueryField.toString()
14:51:49.741 (741815862)|METHOD_ENTRY|[634]|01pj0000003ELjs|fflib_QueryFactory.QueryField.equals(Object)
14:51:49.741 (741909621)|METHOD_EXIT|[634]|01pj0000003ELjs|fflib_QueryFactory.QueryField.equals(Object)
14:51:49.741 (741917759)|METHOD_ENTRY|[637]|01pj0000003ELjs|fflib_QueryFactory.QueryField.toString()
14:51:49.742 (742065336)|METHOD_EXIT|[637]|01pj0000003ELjs|fflib_QueryFactory.QueryField.toString()
14:51:49.742 (742072752)|METHOD_ENTRY|[637]|01pj0000003ELjs|fflib_QueryFactory.QueryField.toString()
14:51:49.742 (742207038)|METHOD_EXIT|[637]|01pj0000003ELjs|fflib_QueryFactory.QueryField.toString()
14:51:49.743 (743502497)|METHOD_ENTRY|[499]|01pj0000003ELjs|fflib_QueryFactory.Ordering.toSOQL()
14:51:49.743 (743785027)|METHOD_EXIT|[499]|01pj0000003ELjs|fflib_QueryFactory.Ordering.toSOQL()
14:51:49.743 (743854745)|METHOD_EXIT|[338]|01pj0000003ELjs|fflib_QueryFactory.toSOQL()
14:51:49.743 (743863078)|METHOD_EXIT|[221]|01pj0000003ELjz|fflib_SObjectSelector.buildQuerySObjectById()
14:51:49.744 (744131616)|SOQL_EXECUTE_BEGIN|[221]|Aggregations:0|SELECT Active__c, Amount__c, Id, ProductLine__c FROM Invoice__c WHERE id in :idSet ORDER BY Name ASC NULLS FIRST 
14:51:49.766 (766877795)|SOQL_EXECUTE_END|[221]|Rows:1
14:51:49.766 (766962890)|METHOD_EXIT|[186]|01pj0000003ELjz|fflib_SObjectSelector.selectSObjectsById(Set<Id>)
14:51:49.766 (766975383)|METHOD_EXIT|[9]|01pj0000003ELjo|fflib_Application.SelectorFactory.selectById(Set<Id>)
14:51:49.767 (767086281)|USER_DEBUG|[11]|DEBUG|(Invoice__c:{ProductLine__c=a00j0000005OcQrAAK, Active__c=false, Id=a01j0000003h600AAA, Amount__c=1})
14:51:49.767 (767153816)|METHOD_ENTRY|[13]|01pj0000003ELjo|fflib_Application.DomainFactory.newInstance(List<SObject>)
14:51:49.767 (767541563)|USER_DEBUG|[285]|DEBUG|t3_Invoices.Constructor
14:51:49.774 (774956433)|METHOD_ENTRY|[289]|01pj0000003ENkx|t3_Invoices.Constructor.construct(List<SObject>)
14:51:49.785 (785956692)|METHOD_ENTRY|[1]|01pj0000003ENkx|t3_Invoices.t3_Invoices()
14:51:49.785 (785977495)|METHOD_EXIT|[1]|t3_Invoices
14:51:49.787 (787140958)|CONSTRUCTOR_ENTRY|[39]|01pj0000003ENkx|<init>(List<Invoice__c>)
14:51:49.790 (790529737)|METHOD_ENTRY|[41]|01pj0000003ELjw|fflib_SObjectDomain.fflib_SObjectDomain()
14:51:49.791 (791180598)|CONSTRUCTOR_ENTRY|[76]|01pj0000003ELjw|<init>()
14:51:49.791 (791287183)|CONSTRUCTOR_EXIT|[76]|01pj0000003ELjw|<init>()
14:51:49.794 (794088751)|CONSTRUCTOR_ENTRY|[78]|01pj0000003ELjw|<init>()
14:51:49.794 (794152279)|CONSTRUCTOR_ENTRY|[547]|01pj0000003ELjw|<init>()
14:51:49.794 (794231341)|CONSTRUCTOR_EXIT|[547]|01pj0000003ELjw|<init>()
14:51:49.794 (794240460)|CONSTRUCTOR_EXIT|[78]|01pj0000003ELjw|<init>()
14:51:49.794 (794309759)|METHOD_EXIT|[41]|fflib_SObjectDomain
14:51:49.794 (794331555)|CONSTRUCTOR_ENTRY|[12]|01pj0000003ELjw|<init>(List<SObject>)
14:51:49.794 (794766192)|CONSTRUCTOR_ENTRY|[93]|01pj0000003ELjw|<init>()
14:51:49.794 (794910022)|CONSTRUCTOR_EXIT|[93]|01pj0000003ELjw|<init>()
14:51:49.794 (794939997)|CONSTRUCTOR_EXIT|[12]|01pj0000003ELjw|<init>(List<SObject>)
14:51:49.794 (794951007)|CONSTRUCTOR_EXIT|[39]|01pj0000003ENkx|<init>(List<Invoice__c>)
14:51:49.794 (794958328)|METHOD_EXIT|[289]|01pj0000003ENkx|t3_Invoices.Constructor.construct(List<SObject>)
14:51:49.794 (794970313)|METHOD_EXIT|[13]|01pj0000003ELjo|fflib_Application.DomainFactory.newInstance(List<SObject>)
14:51:49.795 (795010348)|METHOD_ENTRY|[15]|01pj0000003ENkx|t3_Invoices.activate(fflib_ISObjectUnitOfWork)
14:51:49.795 (795251163)|METHOD_ENTRY|[19]|01pj0000003ELk1|fflib_SObjectUnitOfWork.registerDirty(SObject)
14:51:49.795 (795465820)|METHOD_EXIT|[19]|01pj0000003ELk1|fflib_SObjectUnitOfWork.registerDirty(SObject)
14:51:49.795 (795489461)|METHOD_EXIT|[15]|01pj0000003ENkx|t3_Invoices.activate(fflib_ISObjectUnitOfWork)
14:51:49.795 (795528070)|METHOD_ENTRY|[17]|01pj0000003ELjo|fflib_Application.SelectorFactory.newInstance(Schema.SObjectType)
14:51:49.796 (796992697)|METHOD_ENTRY|[1]|01pj0000003EOBA|t3_Products_Selector.t3_Products_Selector()
14:51:49.797 (797008636)|METHOD_EXIT|[1]|t3_Products_Selector
14:51:49.797 (797040114)|CONSTRUCTOR_ENTRY|[EXTERNAL]|01pj0000003ELjz|<init>()
14:51:49.797 (797054882)|CONSTRUCTOR_ENTRY|[85]|01pj0000003ELjz|<init>(Boolean)
14:51:49.797 (797068761)|CONSTRUCTOR_ENTRY|[95]|01pj0000003ELjz|<init>(Boolean,Boolean,Boolean)
14:51:49.797 (797092638)|CONSTRUCTOR_EXIT|[95]|01pj0000003ELjz|<init>(Boolean,Boolean,Boolean)
14:51:49.797 (797101613)|CONSTRUCTOR_EXIT|[85]|01pj0000003ELjz|<init>(Boolean)
14:51:49.797 (797114264)|CONSTRUCTOR_EXIT|[EXTERNAL]|01pj0000003ELjz|<init>()
14:51:49.797 (797141329)|METHOD_EXIT|[17]|01pj0000003ELjo|fflib_Application.SelectorFactory.newInstance(Schema.SObjectType)
14:51:49.797 (797172995)|METHOD_ENTRY|[17]|01pj0000003EOBA|t3_Products_Selector.selectFromInvoices(List<Invoice__c>)
14:51:49.797 (797339384)|METHOD_ENTRY|[34]|01pj0000003ELjz|fflib_SObjectSelector.newQueryFactory(Boolean)
14:51:49.797 (797366260)|METHOD_ENTRY|[280]|01pj0000003ELjz|fflib_SObjectSelector.newQueryFactory(Boolean, Boolean, Boolean)
14:51:49.797 (797384278)|METHOD_ENTRY|[290]|01pj0000003ELjz|fflib_SObjectSelector.getSObjectType2()
14:51:49.797 (797393982)|METHOD_ENTRY|[255]|01pj0000003EOBA|t3_Products_Selector.getSObjectType()
14:51:49.797 (797419027)|METHOD_EXIT|[255]|01pj0000003EOBA|t3_Products_Selector.getSObjectType()
14:51:49.797 (797424946)|METHOD_EXIT|[290]|01pj0000003ELjz|fflib_SObjectSelector.getSObjectType2()
14:51:49.797 (797432904)|CONSTRUCTOR_ENTRY|[290]|01pj0000003ELjs|<init>(Schema.SObjectType)
14:51:49.797 (797477473)|CONSTRUCTOR_EXIT|[290]|01pj0000003ELjs|<init>(Schema.SObjectType)
14:51:49.797 (797486341)|METHOD_ENTRY|[290]|01pj0000003ELjz|fflib_SObjectSelector.configureQueryFactory(fflib_QueryFactory, Boolean, Boolean, Boolean)
14:51:49.797 (797497247)|METHOD_ENTRY|[351]|01pj0000003ELjs|fflib_QueryFactory.assertIsAccessible()
14:51:49.797 (797512899)|METHOD_ENTRY|[166]|01pj0000003ELk3|fflib_SecurityUtils.checkObjectIsReadable(Schema.SObjectType)
14:51:49.797 (797555940)|METHOD_EXIT|[166]|01pj0000003ELk3|fflib_SecurityUtils.checkObjectIsReadable(Schema.SObjectType)
14:51:49.797 (797561855)|METHOD_EXIT|[351]|01pj0000003ELjs|fflib_QueryFactory.assertIsAccessible()
14:51:49.797 (797569527)|METHOD_ENTRY|[358]|01pj0000003ELjs|fflib_QueryFactory.setEnforceFLS(Boolean)
14:51:49.797 (797578272)|METHOD_EXIT|[358]|01pj0000003ELjs|fflib_QueryFactory.setEnforceFLS(Boolean)
14:51:49.797 (797585238)|METHOD_ENTRY|[376]|01pj0000003ELjz|fflib_SObjectSelector.getOrderBy()
14:51:49.797 (797601621)|METHOD_ENTRY|[64]|01pj0000003EOBA|t3_Products_Selector.getSObjectType()
14:51:49.797 (797620922)|METHOD_EXIT|[64]|01pj0000003EOBA|t3_Products_Selector.getSObjectType()
14:51:49.797 (797627635)|METHOD_ENTRY|[64]|01pj0000003ELju|fflib_SObjectDescribe.getDescribe(Schema.SObjectType)
14:51:49.797 (797705860)|CONSTRUCTOR_ENTRY|[198]|01pj0000003ELju|<init>(Schema.SObjectType)
14:51:49.797 (797818290)|CONSTRUCTOR_EXIT|[198]|01pj0000003ELju|<init>(Schema.SObjectType)
14:51:49.797 (797825381)|METHOD_EXIT|[64]|01pj0000003ELju|fflib_SObjectDescribe.getDescribe(Schema.SObjectType)
14:51:49.797 (797844672)|METHOD_ENTRY|[126]|01pj0000003ELju|fflib_SObjectDescribe.getNameField()
14:51:49.798 (798064276)|CONSTRUCTOR_ENTRY|[70]|01pj0000003ELju|<init>(Map<String,Schema.SObjectField>)
14:51:49.798 (798076162)|CONSTRUCTOR_ENTRY|[292]|01pj0000003ELju|<init>(Map<String,ANY>)
14:51:49.798 (798226282)|CONSTRUCTOR_EXIT|[292]|01pj0000003ELju|<init>(Map<String,ANY>)
14:51:49.798 (798233994)|CONSTRUCTOR_EXIT|[70]|01pj0000003ELju|<init>(Map<String,Schema.SObjectField>)
14:51:49.798 (798253105)|METHOD_ENTRY|[123]|01pj0000003ELju|fflib_SObjectDescribe.FieldsMap.values()
14:51:49.798 (798312450)|METHOD_EXIT|[123]|01pj0000003ELju|fflib_SObjectDescribe.FieldsMap.values()
14:51:49.799 (799768482)|METHOD_EXIT|[126]|01pj0000003ELju|fflib_SObjectDescribe.getNameField()
14:51:49.799 (799790012)|METHOD_ENTRY|[127]|01pj0000003ELju|fflib_SObjectDescribe.getNameField()
14:51:49.799 (799796883)|METHOD_EXIT|[127]|01pj0000003ELju|fflib_SObjectDescribe.getNameField()
14:51:49.799 (799824349)|METHOD_EXIT|[376]|01pj0000003ELjz|fflib_SObjectSelector.getOrderBy()
14:51:49.799 (799944112)|METHOD_ENTRY|[389]|01pj0000003ELjs|fflib_QueryFactory.addOrdering(String, fflib_QueryFactory.SortOrder)
14:51:49.799 (799958149)|METHOD_ENTRY|[445]|01pj0000003ELjs|fflib_QueryFactory.getFieldToken(String)
14:51:49.799 (799998548)|METHOD_ENTRY|[93]|01pj0000003ELju|fflib_SObjectDescribe.getDescribe(Schema.SObjectType)
14:51:49.800 (800066290)|METHOD_EXIT|[93]|01pj0000003ELju|fflib_SObjectDescribe.getDescribe(Schema.SObjectType)
14:51:49.800 (800074890)|METHOD_ENTRY|[93]|01pj0000003ELju|fflib_SObjectDescribe.getField(String)
14:51:49.800 (800083500)|METHOD_ENTRY|[97]|01pj0000003ELju|fflib_SObjectDescribe.getField(String, Boolean)
14:51:49.800 (800125838)|METHOD_ENTRY|[105]|01pj0000003ELju|fflib_SObjectDescribe.FieldsMap.get(String, Boolean)
14:51:49.800 (800135540)|METHOD_ENTRY|[299]|01pj0000003ELju|fflib_SObjectDescribe.NamespacedAttributeMap.getObject(String, Boolean)
14:51:49.800 (800198143)|METHOD_EXIT|[299]|01pj0000003ELju|fflib_SObjectDescribe.NamespacedAttributeMap.getObject(String, Boolean)
14:51:49.800 (800207558)|METHOD_EXIT|[105]|01pj0000003ELju|fflib_SObjectDescribe.FieldsMap.get(String, Boolean)
14:51:49.800 (800212748)|METHOD_EXIT|[97]|01pj0000003ELju|fflib_SObjectDescribe.getField(String, Boolean)
14:51:49.800 (800217306)|METHOD_EXIT|[93]|01pj0000003ELju|fflib_SObjectDescribe.getField(String)
14:51:49.800 (800235421)|CONSTRUCTOR_ENTRY|[98]|01pj0000003ELjs|<init>(Schema.SObjectField)
14:51:49.800 (800264394)|CONSTRUCTOR_EXIT|[98]|01pj0000003ELjs|<init>(Schema.SObjectField)
14:51:49.800 (800270874)|METHOD_EXIT|[445]|01pj0000003ELjs|fflib_QueryFactory.getFieldToken(String)
14:51:49.800 (800279654)|CONSTRUCTOR_ENTRY|[445]|01pj0000003ELjs|<init>(fflib_QueryFactory.QueryField,fflib_QueryFactory.SortOrder)
14:51:49.800 (800290372)|CONSTRUCTOR_ENTRY|[531]|01pj0000003ELjs|<init>(fflib_QueryFactory.QueryField,fflib_QueryFactory.SortOrder,Boolean)
14:51:49.800 (800305874)|CONSTRUCTOR_EXIT|[531]|01pj0000003ELjs|<init>(fflib_QueryFactory.QueryField,fflib_QueryFactory.SortOrder,Boolean)
14:51:49.800 (800312675)|CONSTRUCTOR_EXIT|[445]|01pj0000003ELjs|<init>(fflib_QueryFactory.QueryField,fflib_QueryFactory.SortOrder)
14:51:49.800 (800337150)|METHOD_EXIT|[389]|01pj0000003ELjs|fflib_QueryFactory.addOrdering(String, fflib_QueryFactory.SortOrder)
14:51:49.800 (800359436)|METHOD_EXIT|[290]|01pj0000003ELjz|fflib_SObjectSelector.configureQueryFactory(fflib_QueryFactory, Boolean, Boolean, Boolean)
14:51:49.800 (800365503)|METHOD_EXIT|[280]|01pj0000003ELjz|fflib_SObjectSelector.newQueryFactory(Boolean, Boolean, Boolean)
14:51:49.800 (800370421)|METHOD_EXIT|[34]|01pj0000003ELjz|fflib_SObjectSelector.newQueryFactory(Boolean)
14:51:49.800 (800381542)|METHOD_ENTRY|[34]|01pj0000003ELjs|fflib_QueryFactory.assertIsAccessible()
14:51:49.800 (800396832)|METHOD_ENTRY|[166]|01pj0000003ELk3|fflib_SecurityUtils.checkObjectIsReadable(Schema.SObjectType)
14:51:49.800 (800431930)|METHOD_EXIT|[166]|01pj0000003ELk3|fflib_SecurityUtils.checkObjectIsReadable(Schema.SObjectType)
14:51:49.800 (800437480)|METHOD_EXIT|[34]|01pj0000003ELjs|fflib_QueryFactory.assertIsAccessible()
14:51:49.800 (800447152)|METHOD_ENTRY|[34]|01pj0000003EOBA|t3_Products_Selector.getSObjectFieldList()
14:51:49.800 (800555496)|METHOD_EXIT|[34]|01pj0000003EOBA|t3_Products_Selector.getSObjectFieldList()
14:51:49.800 (800571828)|METHOD_ENTRY|[34]|01pj0000003ELjs|fflib_QueryFactory.selectFields(List<Schema.SObjectField>)
14:51:49.800 (800635267)|CONSTRUCTOR_ENTRY|[254]|01pj0000003ELjs|<init>(Schema.SObjectField)
14:51:49.800 (800671144)|CONSTRUCTOR_EXIT|[254]|01pj0000003ELjs|<init>(Schema.SObjectField)
14:51:49.800 (800700715)|METHOD_ENTRY|[EXTERNAL]|01pj0000003ELjs|fflib_QueryFactory.QueryField.hashCode()
14:51:49.800 (800777594)|METHOD_EXIT|[EXTERNAL]|01pj0000003ELjs|fflib_QueryFactory.QueryField.hashCode()
14:51:49.800 (800819695)|CONSTRUCTOR_ENTRY|[254]|01pj0000003ELjs|<init>(Schema.SObjectField)
14:51:49.800 (800847098)|CONSTRUCTOR_EXIT|[254]|01pj0000003ELjs|<init>(Schema.SObjectField)
14:51:49.800 (800866680)|METHOD_ENTRY|[EXTERNAL]|01pj0000003ELjs|fflib_QueryFactory.QueryField.hashCode()
14:51:49.800 (800944564)|METHOD_EXIT|[EXTERNAL]|01pj0000003ELjs|fflib_QueryFactory.QueryField.hashCode()
14:51:49.801 (801014523)|CONSTRUCTOR_ENTRY|[254]|01pj0000003ELjs|<init>(Schema.SObjectField)
14:51:49.801 (801043304)|CONSTRUCTOR_EXIT|[254]|01pj0000003ELjs|<init>(Schema.SObjectField)
14:51:49.801 (801063139)|METHOD_ENTRY|[EXTERNAL]|01pj0000003ELjs|fflib_QueryFactory.QueryField.hashCode()
14:51:49.801 (801138792)|METHOD_EXIT|[EXTERNAL]|01pj0000003ELjs|fflib_QueryFactory.QueryField.hashCode()
14:51:49.801 (801169673)|METHOD_EXIT|[34]|01pj0000003ELjs|fflib_QueryFactory.selectFields(List<Schema.SObjectField>)
14:51:49.801 (801182483)|METHOD_ENTRY|[34]|01pj0000003ELjs|fflib_QueryFactory.setCondition(String)
14:51:49.801 (801191037)|METHOD_EXIT|[34]|01pj0000003ELjs|fflib_QueryFactory.setCondition(String)
14:51:49.801 (801198485)|METHOD_ENTRY|[34]|01pj0000003ELjs|fflib_QueryFactory.toSOQL()
14:51:49.801 (801313478)|METHOD_ENTRY|[634]|01pj0000003ELjs|fflib_QueryFactory.QueryField.equals(Object)
14:51:49.801 (801418668)|METHOD_EXIT|[634]|01pj0000003ELjs|fflib_QueryFactory.QueryField.equals(Object)
14:51:49.801 (801429488)|METHOD_ENTRY|[637]|01pj0000003ELjs|fflib_QueryFactory.QueryField.toString()
14:51:49.801 (801590629)|METHOD_EXIT|[637]|01pj0000003ELjs|fflib_QueryFactory.QueryField.toString()
14:51:49.801 (801597587)|METHOD_ENTRY|[637]|01pj0000003ELjs|fflib_QueryFactory.QueryField.toString()
14:51:49.801 (801733745)|METHOD_EXIT|[637]|01pj0000003ELjs|fflib_QueryFactory.QueryField.toString()
14:51:49.801 (801821069)|METHOD_ENTRY|[634]|01pj0000003ELjs|fflib_QueryFactory.QueryField.equals(Object)
14:51:49.801 (801917696)|METHOD_EXIT|[634]|01pj0000003ELjs|fflib_QueryFactory.QueryField.equals(Object)
14:51:49.801 (801925392)|METHOD_ENTRY|[637]|01pj0000003ELjs|fflib_QueryFactory.QueryField.toString()
14:51:49.802 (802113095)|METHOD_EXIT|[637]|01pj0000003ELjs|fflib_QueryFactory.QueryField.toString()
14:51:49.802 (802120861)|METHOD_ENTRY|[637]|01pj0000003ELjs|fflib_QueryFactory.QueryField.toString()
14:51:49.802 (802250015)|METHOD_EXIT|[637]|01pj0000003ELjs|fflib_QueryFactory.QueryField.toString()
14:51:49.803 (803026546)|METHOD_ENTRY|[499]|01pj0000003ELjs|fflib_QueryFactory.Ordering.toSOQL()
14:51:49.803 (803256967)|METHOD_EXIT|[499]|01pj0000003ELjs|fflib_QueryFactory.Ordering.toSOQL()
14:51:49.803 (803310887)|METHOD_EXIT|[34]|01pj0000003ELjs|fflib_QueryFactory.toSOQL()
14:51:49.803 (803566168)|SOQL_EXECUTE_BEGIN|[40]|Aggregations:0|SELECT Id, Inventory__c, Name FROM Product__c WHERE id in :ids ORDER BY Name ASC NULLS FIRST 
14:51:49.805 (805996617)|SOQL_EXECUTE_END|[40]|Rows:1
14:51:49.806 (806072155)|METHOD_EXIT|[17]|01pj0000003EOBA|t3_Products_Selector.selectFromInvoices(List<Invoice__c>)
14:51:49.806 (806439747)|METHOD_ENTRY|[19]|01pj0000003ELjo|fflib_Application.DomainFactory.newInstance(List<SObject>)
14:51:49.806 (806676004)|USER_DEBUG|[285]|DEBUG|t3_Products.Constructor
14:51:49.806 (806872716)|METHOD_ENTRY|[289]|01pj0000003ENgk|t3_Products.Constructor.construct(List<SObject>)
14:51:49.810 (810420307)|METHOD_ENTRY|[1]|01pj0000003ENgk|t3_Products.t3_Products()
14:51:49.810 (810448693)|METHOD_EXIT|[1]|t3_Products
14:51:49.810 (810516470)|CONSTRUCTOR_ENTRY|[29]|01pj0000003ENgk|<init>(List<Product__c>)
14:51:49.810 (810591076)|CONSTRUCTOR_ENTRY|[10]|01pj0000003ELjw|<init>(List<SObject>)
14:51:49.810 (810956254)|CONSTRUCTOR_ENTRY|[93]|01pj0000003ELjw|<init>()
14:51:49.811 (811016909)|CONSTRUCTOR_EXIT|[93]|01pj0000003ELjw|<init>()
14:51:49.811 (811048893)|CONSTRUCTOR_EXIT|[10]|01pj0000003ELjw|<init>(List<SObject>)
14:51:49.811 (811063574)|CONSTRUCTOR_EXIT|[29]|01pj0000003ENgk|<init>(List<Product__c>)
14:51:49.811 (811072359)|METHOD_EXIT|[289]|01pj0000003ENgk|t3_Products.Constructor.construct(List<SObject>)
14:51:49.811 (811085049)|METHOD_EXIT|[19]|01pj0000003ELjo|fflib_Application.DomainFactory.newInstance(List<SObject>)
14:51:49.811 (811110550)|METHOD_ENTRY|[21]|01pj0000003ENkx|t3_Invoices.getAmountsByProducto()
14:51:49.811 (811490804)|METHOD_EXIT|[21]|01pj0000003ENkx|t3_Invoices.getAmountsByProducto()
14:51:49.811 (811534767)|METHOD_ENTRY|[21]|01pj0000003ENgk|t3_Products.updateInventory(fflib_ISObjectUnitOfWork, Map<Id,Decimal>)
14:51:49.811 (811828888)|USER_DEBUG|[17]|DEBUG|Product__c:{Name=P1, Id=a00j0000005OcQrAAK, Inventory__c=100}
14:51:49.811 (811908411)|USER_DEBUG|[18]|DEBUG|1
14:51:49.812 (812067819)|METHOD_ENTRY|[20]|01pj0000003ELk1|fflib_SObjectUnitOfWork.registerDirty(SObject)
14:51:49.812 (812254167)|METHOD_EXIT|[20]|01pj0000003ELk1|fflib_SObjectUnitOfWork.registerDirty(SObject)
14:51:49.812 (812285813)|METHOD_EXIT|[21]|01pj0000003ENgk|t3_Products.updateInventory(fflib_ISObjectUnitOfWork, Map<Id,Decimal>)
14:51:49.812 (812299605)|METHOD_ENTRY|[23]|01pj0000003ELk1|fflib_SObjectUnitOfWork.commitWork()
14:51:49.813 (813317846)|SAVEPOINT_SET|[226]|SavepointValue0
14:51:49.813 (813543835)|METHOD_ENTRY|[232]|01pj0000003ELk1|fflib_SObjectUnitOfWork.Relationships.resolve()
14:51:49.813 (813695602)|METHOD_EXIT|[232]|01pj0000003ELk1|fflib_SObjectUnitOfWork.Relationships.resolve()
14:51:49.813 (813807227)|METHOD_ENTRY|[233]|01pj0000003ELk1|fflib_SObjectUnitOfWork.SimpleDML.dmlInsert(List<SObject>)
14:51:49.813 (813943991)|METHOD_EXIT|[233]|01pj0000003ELk1|fflib_SObjectUnitOfWork.SimpleDML.dmlInsert(List<SObject>)
14:51:49.814 (814035763)|METHOD_ENTRY|[232]|01pj0000003ELk1|fflib_SObjectUnitOfWork.Relationships.resolve()
14:51:49.814 (814078200)|METHOD_EXIT|[232]|01pj0000003ELk1|fflib_SObjectUnitOfWork.Relationships.resolve()
14:51:49.814 (814143350)|METHOD_ENTRY|[233]|01pj0000003ELk1|fflib_SObjectUnitOfWork.SimpleDML.dmlInsert(List<SObject>)
14:51:49.814 (814181195)|METHOD_EXIT|[233]|01pj0000003ELk1|fflib_SObjectUnitOfWork.SimpleDML.dmlInsert(List<SObject>)
14:51:49.814 (814377011)|METHOD_ENTRY|[237]|01pj0000003ELk1|fflib_SObjectUnitOfWork.SimpleDML.dmlUpdate(List<SObject>)
14:51:49.814 (814418778)|DML_BEGIN|[94]|Op:Update|Type:SObject|Rows:1
14:51:49.828 (828925139)|DML_END|[94]
14:51:49.828 (828976263)|METHOD_EXIT|[237]|01pj0000003ELk1|fflib_SObjectUnitOfWork.SimpleDML.dmlUpdate(List<SObject>)
14:51:49.829 (829120060)|METHOD_ENTRY|[237]|01pj0000003ELk1|fflib_SObjectUnitOfWork.SimpleDML.dmlUpdate(List<SObject>)
14:51:49.829 (829153151)|DML_BEGIN|[94]|Op:Update|Type:SObject|Rows:1
14:51:49.841 (841762913)|DML_END|[94]
14:51:49.841 (841827170)|METHOD_EXIT|[237]|01pj0000003ELk1|fflib_SObjectUnitOfWork.SimpleDML.dmlUpdate(List<SObject>)
14:51:49.842 (842101151)|METHOD_ENTRY|[241]|01pj0000003ELk1|fflib_SObjectUnitOfWork.SimpleDML.dmlDelete(List<SObject>)
14:51:49.842 (842195126)|METHOD_EXIT|[241]|01pj0000003ELk1|fflib_SObjectUnitOfWork.SimpleDML.dmlDelete(List<SObject>)
14:51:49.842 (842289657)|METHOD_ENTRY|[241]|01pj0000003ELk1|fflib_SObjectUnitOfWork.SimpleDML.dmlDelete(List<SObject>)
14:51:49.842 (842327737)|METHOD_EXIT|[241]|01pj0000003ELk1|fflib_SObjectUnitOfWork.SimpleDML.dmlDelete(List<SObject>)
14:51:49.842 (842579499)|METHOD_ENTRY|[244]|01pj0000003ELk1|fflib_SObjectUnitOfWork.SendEmailWork.doWork()
14:51:49.842 (842645266)|METHOD_EXIT|[244]|01pj0000003ELk1|fflib_SObjectUnitOfWork.SendEmailWork.doWork()
14:51:49.842 (842674978)|METHOD_EXIT|[23]|01pj0000003ELk1|fflib_SObjectUnitOfWork.commitWork()
14:51:49.842 (842686418)|METHOD_EXIT|[9]|01pj0000003ETen|t3_Invoice_ServiceImpl.activateInvoices(Set<Id>)
14:51:50.395 (845270541)|CUMULATIVE_LIMIT_USAGE
14:51:50.395|LIMIT_USAGE_FOR_NS|(default)|
  Number of SOQL queries: 2 out of 100
  Number of query rows: 2 out of 50000
  Number of SOSL queries: 0 out of 20
  Number of DML statements: 5 out of 150
  Number of DML rows: 5 out of 10000
  Maximum CPU time: 0 out of 10000
  Maximum heap size: 0 out of 6000000
  Number of callouts: 0 out of 100
  Number of Email Invocations: 0 out of 10
  Number of future calls: 0 out of 50
  Number of queueable jobs added to the queue: 0 out of 50
  Number of Mobile Apex push calls: 0 out of 10

14:51:50.395|CUMULATIVE_LIMIT_USAGE_END

14:51:49.845 (845308169)|CODE_UNIT_FINISHED|execute_anonymous_apex
14:51:49.847 (847785460)|EXECUTION_FINISHED